{"/home/travis/build/npmtest/node-npmtest-babel-polyfill/test.js":{"path":"/home/travis/build/npmtest/node-npmtest-babel-polyfill/test.js","s":{"1":2,"2":2,"3":2,"4":2,"5":2,"6":2,"7":2,"8":1,"9":2,"10":2,"11":1,"12":1,"13":1,"14":1,"15":2,"16":2,"17":2,"18":2,"19":1,"20":1,"21":2,"22":2,"23":2,"24":1,"25":1,"26":1,"27":1,"28":1,"29":1,"30":1,"31":1,"32":1,"33":1,"34":1,"35":1,"36":1,"37":1,"38":1,"39":2,"40":2,"41":1,"42":2,"43":2,"44":1,"45":2,"46":2,"47":1,"48":2,"49":2,"50":1,"51":1,"52":1,"53":1,"54":1},"b":{"1":[2,1,1,1],"2":[1,1,1,1],"3":[1,1],"4":[1,1],"5":[1,1],"6":[1,1],"7":[1,1],"8":[1,1],"9":[1,1],"10":[1,1,1],"11":[1,1],"12":[1,1],"13":[1,1],"14":[1,1],"15":[1,1],"16":[1,1],"17":[1,1]},"f":{"1":2,"2":2,"3":2,"4":2,"5":2,"6":1,"7":1,"8":1,"9":2,"10":2,"11":2,"12":2,"13":1},"fnMap":{"1":{"name":"(anonymous_1)","line":12,"loc":{"start":{"line":12,"column":1},"end":{"line":12,"column":13}}},"2":{"name":"(anonymous_2)","line":19,"loc":{"start":{"line":19,"column":5},"end":{"line":19,"column":17}}},"3":{"name":"(anonymous_3)","line":23,"loc":{"start":{"line":23,"column":24},"end":{"line":23,"column":36}}},"4":{"name":"(anonymous_4)","line":61,"loc":{"start":{"line":61,"column":5},"end":{"line":61,"column":17}}},"5":{"name":"(anonymous_5)","line":82,"loc":{"start":{"line":82,"column":5},"end":{"line":82,"column":17}}},"6":{"name":"(anonymous_6)","line":91,"loc":{"start":{"line":91,"column":77},"end":{"line":94,"column":10}}},"7":{"name":"(anonymous_7)","line":112,"loc":{"start":{"line":112,"column":83},"end":{"line":115,"column":10}},"skip":true},"8":{"name":"(anonymous_8)","line":123,"loc":{"start":{"line":123,"column":77},"end":{"line":126,"column":10}},"skip":true},"9":{"name":"(anonymous_9)","line":139,"loc":{"start":{"line":139,"column":12},"end":{"line":139,"column":40}},"skip":true},"10":{"name":"(anonymous_10)","line":147,"loc":{"start":{"line":147,"column":77},"end":{"line":150,"column":10}},"skip":true},"11":{"name":"(anonymous_11)","line":158,"loc":{"start":{"line":158,"column":83},"end":{"line":161,"column":10}},"skip":true},"12":{"name":"(anonymous_12)","line":169,"loc":{"start":{"line":169,"column":79},"end":{"line":172,"column":10}},"skip":true},"13":{"name":"(anonymous_13)","line":180,"loc":{"start":{"line":180,"column":75},"end":{"line":183,"column":10}},"skip":true}},"statementMap":{"1":{"start":{"line":12,"column":0},"end":{"line":195,"column":5}},"2":{"start":{"line":14,"column":4},"end":{"line":14,"column":14}},"3":{"start":{"line":19,"column":4},"end":{"line":56,"column":9}},"4":{"start":{"line":21,"column":8},"end":{"line":21,"column":19}},"5":{"start":{"line":23,"column":8},"end":{"line":35,"column":13}},"6":{"start":{"line":24,"column":12},"end":{"line":34,"column":13}},"7":{"start":{"line":25,"column":16},"end":{"line":28,"column":30}},"8":{"start":{"line":30,"column":16},"end":{"line":33,"column":27}},"9":{"start":{"line":37,"column":8},"end":{"line":39,"column":21}},"10":{"start":{"line":40,"column":8},"end":{"line":53,"column":9}},"11":{"start":{"line":43,"column":12},"end":{"line":46,"column":14}},"12":{"start":{"line":47,"column":12},"end":{"line":47,"column":18}},"13":{"start":{"line":50,"column":12},"end":{"line":51,"column":46}},"14":{"start":{"line":52,"column":12},"end":{"line":52,"column":18}},"15":{"start":{"line":55,"column":8},"end":{"line":55,"column":35}},"16":{"start":{"line":61,"column":4},"end":{"line":63,"column":9}},"17":{"start":{"line":62,"column":8},"end":{"line":62,"column":15}},"18":{"start":{"line":64,"column":4},"end":{"line":77,"column":5}},"19":{"start":{"line":70,"column":8},"end":{"line":70,"column":14}},"20":{"start":{"line":76,"column":8},"end":{"line":76,"column":14}},"21":{"start":{"line":82,"column":4},"end":{"line":84,"column":9}},"22":{"start":{"line":83,"column":8},"end":{"line":83,"column":15}},"23":{"start":{"line":85,"column":4},"end":{"line":194,"column":5}},"24":{"start":{"line":91,"column":8},"end":{"line":99,"column":10}},"25":{"start":{"line":98,"column":12},"end":{"line":98,"column":35}},"26":{"start":{"line":102,"column":8},"end":{"line":104,"column":63}},"27":{"start":{"line":105,"column":8},"end":{"line":105,"column":14}},"28":{"start":{"line":112,"column":8},"end":{"line":121,"column":10},"skip":true},"29":{"start":{"line":119,"column":12},"end":{"line":119,"column":55},"skip":true},"30":{"start":{"line":120,"column":12},"end":{"line":120,"column":48},"skip":true},"31":{"start":{"line":123,"column":8},"end":{"line":136,"column":10},"skip":true},"32":{"start":{"line":130,"column":12},"end":{"line":130,"column":76},"skip":true},"33":{"start":{"line":131,"column":12},"end":{"line":131,"column":73},"skip":true},"34":{"start":{"line":132,"column":12},"end":{"line":132,"column":74},"skip":true},"35":{"start":{"line":133,"column":12},"end":{"line":133,"column":79},"skip":true},"36":{"start":{"line":134,"column":12},"end":{"line":134,"column":25},"skip":true},"37":{"start":{"line":135,"column":12},"end":{"line":135,"column":45},"skip":true},"38":{"start":{"line":138,"column":8},"end":{"line":145,"column":14},"skip":true},"39":{"start":{"line":143,"column":16},"end":{"line":143,"column":29},"skip":true},"40":{"start":{"line":144,"column":16},"end":{"line":144,"column":55},"skip":true},"41":{"start":{"line":147,"column":8},"end":{"line":156,"column":10},"skip":true},"42":{"start":{"line":154,"column":12},"end":{"line":154,"column":25},"skip":true},"43":{"start":{"line":155,"column":12},"end":{"line":155,"column":45},"skip":true},"44":{"start":{"line":158,"column":8},"end":{"line":167,"column":10},"skip":true},"45":{"start":{"line":165,"column":12},"end":{"line":165,"column":25},"skip":true},"46":{"start":{"line":166,"column":12},"end":{"line":166,"column":48},"skip":true},"47":{"start":{"line":169,"column":8},"end":{"line":178,"column":10},"skip":true},"48":{"start":{"line":176,"column":12},"end":{"line":176,"column":25},"skip":true},"49":{"start":{"line":177,"column":12},"end":{"line":177,"column":46},"skip":true},"50":{"start":{"line":180,"column":8},"end":{"line":189,"column":10},"skip":true},"51":{"start":{"line":187,"column":12},"end":{"line":187,"column":94},"skip":true},"52":{"start":{"line":188,"column":12},"end":{"line":188,"column":48},"skip":true},"53":{"start":{"line":192,"column":8},"end":{"line":192,"column":35},"skip":true},"54":{"start":{"line":193,"column":8},"end":{"line":193,"column":14},"skip":true}},"branchMap":{"1":{"line":25,"type":"binary-expr","locations":[{"start":{"line":25,"column":23},"end":{"line":25,"column":62}},{"start":{"line":26,"column":20},"end":{"line":26,"column":70}},{"start":{"line":27,"column":20},"end":{"line":27,"column":71}},{"start":{"line":28,"column":20},"end":{"line":28,"column":29}}]},"2":{"line":30,"type":"binary-expr","locations":[{"start":{"line":30,"column":23},"end":{"line":30,"column":37}},{"start":{"line":31,"column":20},"end":{"line":31,"column":61}},{"start":{"line":32,"column":20},"end":{"line":32,"column":70}},{"start":{"line":33,"column":20},"end":{"line":33,"column":26}}]},"3":{"line":37,"type":"cond-expr","locations":[{"start":{"line":38,"column":14},"end":{"line":38,"column":20}},{"start":{"line":39,"column":14},"end":{"line":39,"column":20}}]},"4":{"line":40,"type":"switch","locations":[{"start":{"line":42,"column":8},"end":{"line":47,"column":18}},{"start":{"line":49,"column":8},"end":{"line":52,"column":18}}]},"5":{"line":44,"type":"binary-expr","locations":[{"start":{"line":44,"column":16},"end":{"line":44,"column":44}},{"start":{"line":44,"column":48},"end":{"line":44,"column":66}}]},"6":{"line":50,"type":"binary-expr","locations":[{"start":{"line":50,"column":21},"end":{"line":50,"column":49}},{"start":{"line":50,"column":53},"end":{"line":50,"column":72}}]},"7":{"line":64,"type":"switch","locations":[{"start":{"line":69,"column":4},"end":{"line":70,"column":14}},{"start":{"line":75,"column":4},"end":{"line":76,"column":14}}]},"8":{"line":85,"type":"switch","locations":[{"start":{"line":90,"column":4},"end":{"line":105,"column":14}},{"start":{"line":111,"column":4},"end":{"line":193,"column":14},"skip":true}]},"9":{"line":91,"type":"binary-expr","locations":[{"start":{"line":91,"column":42},"end":{"line":91,"column":73}},{"start":{"line":91,"column":77},"end":{"line":99,"column":9}}]},"10":{"line":102,"type":"binary-expr","locations":[{"start":{"line":102,"column":18},"end":{"line":102,"column":32}},{"start":{"line":103,"column":12},"end":{"line":103,"column":53}},{"start":{"line":104,"column":12},"end":{"line":104,"column":61}}]},"11":{"line":112,"type":"binary-expr","locations":[{"start":{"line":112,"column":45},"end":{"line":112,"column":79},"skip":true},{"start":{"line":112,"column":83},"end":{"line":121,"column":9},"skip":true}]},"12":{"line":123,"type":"binary-expr","locations":[{"start":{"line":123,"column":42},"end":{"line":123,"column":73},"skip":true},{"start":{"line":123,"column":77},"end":{"line":136,"column":9},"skip":true}]},"13":{"line":138,"type":"binary-expr","locations":[{"start":{"line":138,"column":48},"end":{"line":138,"column":85},"skip":true},{"start":{"line":139,"column":12},"end":{"line":145,"column":13},"skip":true}]},"14":{"line":147,"type":"binary-expr","locations":[{"start":{"line":147,"column":42},"end":{"line":147,"column":73},"skip":true},{"start":{"line":147,"column":77},"end":{"line":156,"column":9},"skip":true}]},"15":{"line":158,"type":"binary-expr","locations":[{"start":{"line":158,"column":45},"end":{"line":158,"column":79},"skip":true},{"start":{"line":158,"column":83},"end":{"line":167,"column":9},"skip":true}]},"16":{"line":169,"type":"binary-expr","locations":[{"start":{"line":169,"column":43},"end":{"line":169,"column":75},"skip":true},{"start":{"line":169,"column":79},"end":{"line":178,"column":9},"skip":true}]},"17":{"line":180,"type":"binary-expr","locations":[{"start":{"line":180,"column":41},"end":{"line":180,"column":71},"skip":true},{"start":{"line":180,"column":75},"end":{"line":189,"column":9},"skip":true}]}},"code":["/* istanbul instrument in package npmtest_babel_polyfill */","/*jslint","    bitwise: true,","    browser: true,","    maxerr: 8,","    maxlen: 96,","    node: true,","    nomen: true,","    regexp: true,","    stupid: true","*/","(function () {","    'use strict';","    var local;","","","","    // run shared js-env code - pre-init","    (function () {","        // init local","        local = {};","        // init modeJs","        local.modeJs = (function () {","            try {","                return typeof navigator.userAgent === 'string' &&","                    typeof document.querySelector('body') === 'object' &&","                    typeof XMLHttpRequest.prototype.open === 'function' &&","                    'browser';","            } catch (errorCaughtBrowser) {","                return module.exports &&","                    typeof process.versions.node === 'string' &&","                    typeof require('http').createServer === 'function' &&","                    'node';","            }","        }());","        // init global","        local.global = local.modeJs === 'browser'","            ? window","            : global;","        switch (local.modeJs) {","        // re-init local from window.local","        case 'browser':","            local = local.global.utility2.objectSetDefault(","                local.global.utility2_rollup || local.global.local,","                local.global.utility2","            );","            break;","        // re-init local from example.js","        case 'node':","            local = (local.global.utility2_rollup || require('utility2'))","                .requireExampleJsFromReadme();","            break;","        }","        // export local","        local.global.local = local;","    }());","","","","    // run shared js-env code - function","    (function () {","        return;","    }());","    switch (local.modeJs) {","","","","    // run browser js-env code - function","    case 'browser':","        break;","","","","    // run node js-env code - function","    case 'node':","        break;","    }","","","","    // run shared js-env code - post-init","    (function () {","        return;","    }());","    switch (local.modeJs) {","","","","    // run browser js-env code - post-init","    case 'browser':","        local.testCase_browser_nullCase = local.testCase_browser_nullCase || function (","            options,","            onError","        ) {","        /*","         * this function will test browsers's null-case handling-behavior-behavior","         */","            onError(null, options);","        };","","        // run tests","        local.nop(local.modeTest &&","            document.querySelector('#testRunButton1') &&","            document.querySelector('#testRunButton1').click());","        break;","","","","    // run node js-env code - post-init","    /* istanbul ignore next */","    case 'node':","        local.testCase_buildApidoc_default = local.testCase_buildApidoc_default || function (","            options,","            onError","        ) {","        /*","         * this function will test buildApidoc's default handling-behavior-behavior","         */","            options = { modulePathList: module.paths };","            local.buildApidoc(options, onError);","        };","","        local.testCase_buildApp_default = local.testCase_buildApp_default || function (","            options,","            onError","        ) {","        /*","         * this function will test buildApp's default handling-behavior-behavior","         */","            local.testCase_buildReadme_default(options, local.onErrorThrow);","            local.testCase_buildLib_default(options, local.onErrorThrow);","            local.testCase_buildTest_default(options, local.onErrorThrow);","            local.testCase_buildCustomOrg_default(options, local.onErrorThrow);","            options = [];","            local.buildApp(options, onError);","        };","","        local.testCase_buildCustomOrg_default = local.testCase_buildCustomOrg_default ||","            function (options, onError) {","            /*","             * this function will test buildCustomOrg's default handling-behavior","             */","                options = {};","                local.buildCustomOrg(options, onError);","            };","","        local.testCase_buildLib_default = local.testCase_buildLib_default || function (","            options,","            onError","        ) {","        /*","         * this function will test buildLib's default handling-behavior","         */","            options = {};","            local.buildLib(options, onError);","        };","","        local.testCase_buildReadme_default = local.testCase_buildReadme_default || function (","            options,","            onError","        ) {","        /*","         * this function will test buildReadme's default handling-behavior-behavior","         */","            options = {};","            local.buildReadme(options, onError);","        };","","        local.testCase_buildTest_default = local.testCase_buildTest_default || function (","            options,","            onError","        ) {","        /*","         * this function will test buildTest's default handling-behavior","         */","            options = {};","            local.buildTest(options, onError);","        };","","        local.testCase_webpage_default = local.testCase_webpage_default || function (","            options,","            onError","        ) {","        /*","         * this function will test webpage's default handling-behavior","         */","            options = { modeCoverageMerge: true, url: local.serverLocalHost + '?modeTest=1' };","            local.browserTest(options, onError);","        };","","        // run test-server","        local.testRunServer(local);","        break;","    }","}());",""],"l":{"12":2,"14":2,"19":2,"21":2,"23":2,"24":2,"25":2,"30":1,"37":2,"40":2,"43":1,"47":1,"50":1,"52":1,"55":2,"61":2,"62":2,"64":2,"70":1,"76":1,"82":2,"83":2,"85":2,"91":1,"98":1,"102":1,"105":1,"112":1,"119":1,"120":1,"123":1,"130":1,"131":1,"132":1,"133":1,"134":1,"135":1,"138":1,"143":2,"144":2,"147":1,"154":2,"155":2,"158":1,"165":2,"166":2,"169":1,"176":2,"177":2,"180":1,"187":1,"188":1,"192":1,"193":1}},"/home/travis/build/npmtest/node-npmtest-babel-polyfill/lib.npmtest_babel_polyfill.js":{"path":"/home/travis/build/npmtest/node-npmtest-babel-polyfill/lib.npmtest_babel_polyfill.js","s":{"1":2,"2":2,"3":2,"4":2,"5":2,"6":2,"7":2,"8":1,"9":2,"10":2,"11":2,"12":2,"13":1,"14":1,"15":1,"16":1},"b":{"1":[2,1,1,1],"2":[1,1,1,1],"3":[1,1],"4":[2,2],"5":[1,1]},"f":{"1":2,"2":2,"3":2},"fnMap":{"1":{"name":"(anonymous_1)","line":12,"loc":{"start":{"line":12,"column":1},"end":{"line":12,"column":13}}},"2":{"name":"(anonymous_2)","line":19,"loc":{"start":{"line":19,"column":5},"end":{"line":19,"column":17}}},"3":{"name":"(anonymous_3)","line":23,"loc":{"start":{"line":23,"column":24},"end":{"line":23,"column":36}}}},"statementMap":{"1":{"start":{"line":12,"column":0},"end":{"line":53,"column":5}},"2":{"start":{"line":14,"column":4},"end":{"line":14,"column":14}},"3":{"start":{"line":19,"column":4},"end":{"line":52,"column":9}},"4":{"start":{"line":21,"column":8},"end":{"line":21,"column":19}},"5":{"start":{"line":23,"column":8},"end":{"line":35,"column":13}},"6":{"start":{"line":24,"column":12},"end":{"line":34,"column":13}},"7":{"start":{"line":25,"column":16},"end":{"line":28,"column":30}},"8":{"start":{"line":30,"column":16},"end":{"line":33,"column":27}},"9":{"start":{"line":37,"column":8},"end":{"line":39,"column":21}},"10":{"start":{"line":41,"column":8},"end":{"line":41,"column":54}},"11":{"start":{"line":43,"column":8},"end":{"line":43,"column":59}},"12":{"start":{"line":45,"column":8},"end":{"line":51,"column":9}},"13":{"start":{"line":46,"column":12},"end":{"line":46,"column":65}},"14":{"start":{"line":48,"column":12},"end":{"line":48,"column":35}},"15":{"start":{"line":49,"column":12},"end":{"line":49,"column":49}},"16":{"start":{"line":50,"column":12},"end":{"line":50,"column":43}}},"branchMap":{"1":{"line":25,"type":"binary-expr","locations":[{"start":{"line":25,"column":23},"end":{"line":25,"column":62}},{"start":{"line":26,"column":20},"end":{"line":26,"column":70}},{"start":{"line":27,"column":20},"end":{"line":27,"column":71}},{"start":{"line":28,"column":20},"end":{"line":28,"column":29}}]},"2":{"line":30,"type":"binary-expr","locations":[{"start":{"line":30,"column":23},"end":{"line":30,"column":37}},{"start":{"line":31,"column":20},"end":{"line":31,"column":61}},{"start":{"line":32,"column":20},"end":{"line":32,"column":70}},{"start":{"line":33,"column":20},"end":{"line":33,"column":26}}]},"3":{"line":37,"type":"cond-expr","locations":[{"start":{"line":38,"column":14},"end":{"line":38,"column":20}},{"start":{"line":39,"column":14},"end":{"line":39,"column":20}}]},"4":{"line":41,"type":"binary-expr","locations":[{"start":{"line":41,"column":16},"end":{"line":41,"column":44}},{"start":{"line":41,"column":48},"end":{"line":41,"column":53}}]},"5":{"line":45,"type":"if","locations":[{"start":{"line":45,"column":8},"end":{"line":45,"column":8}},{"start":{"line":45,"column":8},"end":{"line":45,"column":8}}]}},"code":["/* istanbul instrument in package npmtest_babel_polyfill */","/*jslint","    bitwise: true,","    browser: true,","    maxerr: 8,","    maxlen: 96,","    node: true,","    nomen: true,","    regexp: true,","    stupid: true","*/","(function () {","    'use strict';","    var local;","","","","    // run shared js-env code - pre-init","    (function () {","        // init local","        local = {};","        // init modeJs","        local.modeJs = (function () {","            try {","                return typeof navigator.userAgent === 'string' &&","                    typeof document.querySelector('body') === 'object' &&","                    typeof XMLHttpRequest.prototype.open === 'function' &&","                    'browser';","            } catch (errorCaughtBrowser) {","                return module.exports &&","                    typeof process.versions.node === 'string' &&","                    typeof require('http').createServer === 'function' &&","                    'node';","            }","        }());","        // init global","        local.global = local.modeJs === 'browser'","            ? window","            : global;","        // init utility2_rollup","        local = local.global.utility2_rollup || local;","        // init lib","        local.local = local.npmtest_babel_polyfill = local;","        // init exports","        if (local.modeJs === 'browser') {","            local.global.utility2_npmtest_babel_polyfill = local;","        } else {","            module.exports = local;","            module.exports.__dirname = __dirname;","            module.exports.module = module;","        }","    }());","}());",""],"l":{"12":2,"14":2,"19":2,"21":2,"23":2,"24":2,"25":2,"30":1,"37":2,"41":2,"43":2,"45":2,"46":1,"48":1,"49":1,"50":1}},"/home/travis/build/npmtest/node-npmtest-babel-polyfill/example.js":{"path":"/home/travis/build/npmtest/node-npmtest-babel-polyfill/example.js","s":{"1":2,"2":2,"3":2,"4":2,"5":2,"6":2,"7":2,"8":1,"9":2,"10":2,"11":2,"12":2,"13":1,"14":2,"15":2,"16":2,"17":2,"18":2,"19":0,"20":2,"21":1,"22":1,"23":1,"24":1,"25":1,"26":0,"27":0,"28":1,"29":1,"30":2,"31":0,"32":0,"33":0,"34":1,"35":2,"36":2,"37":3,"38":3,"39":3,"40":3,"41":0,"42":3,"43":3,"44":3,"45":1,"46":3,"47":1,"48":1,"49":1,"50":1,"51":1,"52":1,"53":1,"54":1,"55":1,"56":1,"57":0,"58":1,"59":6,"60":6,"61":1,"62":2,"63":0,"64":2,"65":1,"66":1,"67":0,"68":0,"69":0,"70":0,"71":0,"72":0,"73":0,"74":0,"75":0,"76":0,"77":0,"78":0,"79":0,"80":0,"81":0,"82":0,"83":0},"b":{"1":[2,1,1,1],"2":[1,1,1,1],"3":[1,1],"4":[2,2],"5":[1,1],"6":[1,1],"7":[2,0],"8":[2,1,1,1,1,1],"9":[0,2,0],"10":[1,1],"11":[2,1,1],"12":[1,0],"13":[0,2],"14":[2,0,0,0,0,0,0],"15":[0,3],"16":[3,0],"17":[1,1],"18":[0,1],"19":[1,2,0,2],"20":[1,0],"21":[1,1],"22":[0,0],"23":[0,0],"24":[0,0],"25":[0,0],"26":[0,0],"27":[0,0],"28":[0,0]},"f":{"1":2,"2":2,"3":2,"4":2,"5":2,"6":2,"7":3,"8":3,"9":3,"10":1,"11":6,"12":0},"fnMap":{"1":{"name":"(anonymous_1)","line":26,"loc":{"start":{"line":26,"column":1},"end":{"line":26,"column":13}}},"2":{"name":"(anonymous_2)","line":33,"loc":{"start":{"line":33,"column":5},"end":{"line":33,"column":17}}},"3":{"name":"(anonymous_3)","line":37,"loc":{"start":{"line":37,"column":24},"end":{"line":37,"column":36}}},"4":{"name":"(anonymous_4)","line":69,"loc":{"start":{"line":69,"column":31},"end":{"line":69,"column":48}},"skip":true},"5":{"name":"(anonymous_5)","line":78,"loc":{"start":{"line":78,"column":26},"end":{"line":78,"column":45}},"skip":true},"6":{"name":"(anonymous_6)","line":123,"loc":{"start":{"line":123,"column":33},"end":{"line":123,"column":48}},"skip":true},"7":{"name":"(anonymous_7)","line":125,"loc":{"start":{"line":125,"column":27},"end":{"line":125,"column":39}},"skip":true},"8":{"name":"(anonymous_8)","line":133,"loc":{"start":{"line":133,"column":59},"end":{"line":133,"column":74}},"skip":true},"9":{"name":"(anonymous_9)","line":143,"loc":{"start":{"line":143,"column":45},"end":{"line":143,"column":62}},"skip":true},"10":{"name":"(anonymous_10)","line":144,"loc":{"start":{"line":144,"column":73},"end":{"line":144,"column":92}},"skip":true},"11":{"name":"(anonymous_11)","line":272,"loc":{"start":{"line":272,"column":51},"end":{"line":272,"column":77}},"skip":true},"12":{"name":"(anonymous_12)","line":315,"loc":{"start":{"line":315,"column":32},"end":{"line":315,"column":61}},"skip":true}},"statementMap":{"1":{"start":{"line":26,"column":0},"end":{"line":326,"column":5}},"2":{"start":{"line":28,"column":4},"end":{"line":28,"column":14}},"3":{"start":{"line":33,"column":4},"end":{"line":60,"column":9}},"4":{"start":{"line":35,"column":8},"end":{"line":35,"column":19}},"5":{"start":{"line":37,"column":8},"end":{"line":49,"column":13}},"6":{"start":{"line":38,"column":12},"end":{"line":48,"column":13}},"7":{"start":{"line":39,"column":16},"end":{"line":42,"column":30}},"8":{"start":{"line":44,"column":16},"end":{"line":47,"column":27}},"9":{"start":{"line":51,"column":8},"end":{"line":53,"column":21}},"10":{"start":{"line":55,"column":8},"end":{"line":57,"column":45}},"11":{"start":{"line":59,"column":8},"end":{"line":59,"column":35}},"12":{"start":{"line":61,"column":4},"end":{"line":325,"column":5}},"13":{"start":{"line":69,"column":8},"end":{"line":121,"column":10},"skip":true},"14":{"start":{"line":70,"column":12},"end":{"line":88,"column":13},"skip":true},"15":{"start":{"line":76,"column":16},"end":{"line":87,"column":19},"skip":true},"16":{"start":{"line":79,"column":20},"end":{"line":86,"column":21},"skip":true},"17":{"start":{"line":82,"column":24},"end":{"line":82,"column":43},"skip":true},"18":{"start":{"line":83,"column":24},"end":{"line":83,"column":30},"skip":true},"19":{"start":{"line":85,"column":24},"end":{"line":85,"column":49},"skip":true},"20":{"start":{"line":89,"column":12},"end":{"line":107,"column":13},"skip":true},"21":{"start":{"line":92,"column":16},"end":{"line":102,"column":17},"skip":true},"22":{"start":{"line":93,"column":20},"end":{"line":93,"column":86},"skip":true},"23":{"start":{"line":94,"column":20},"end":{"line":95,"column":45},"skip":true},"24":{"start":{"line":96,"column":20},"end":{"line":96,"column":42},"skip":true},"25":{"start":{"line":97,"column":20},"end":{"line":97,"column":48},"skip":true},"26":{"start":{"line":100,"column":20},"end":{"line":100,"column":85},"skip":true},"27":{"start":{"line":101,"column":20},"end":{"line":101,"column":96},"skip":true},"28":{"start":{"line":103,"column":16},"end":{"line":103,"column":22},"skip":true},"29":{"start":{"line":106,"column":16},"end":{"line":106,"column":22},"skip":true},"30":{"start":{"line":108,"column":12},"end":{"line":120,"column":13},"skip":true},"31":{"start":{"line":114,"column":16},"end":{"line":119,"column":17},"skip":true},"32":{"start":{"line":116,"column":20},"end":{"line":116,"column":78},"skip":true},"33":{"start":{"line":118,"column":20},"end":{"line":118,"column":47},"skip":true},"34":{"start":{"line":123,"column":8},"end":{"line":141,"column":11},"skip":true},"35":{"start":{"line":124,"column":12},"end":{"line":124,"column":54},"skip":true},"36":{"start":{"line":125,"column":12},"end":{"line":140,"column":14},"skip":true},"37":{"start":{"line":126,"column":16},"end":{"line":126,"column":28},"skip":true},"38":{"start":{"line":127,"column":16},"end":{"line":127,"column":69},"skip":true},"39":{"start":{"line":128,"column":16},"end":{"line":128,"column":75},"skip":true},"40":{"start":{"line":129,"column":16},"end":{"line":131,"column":17},"skip":true},"41":{"start":{"line":130,"column":20},"end":{"line":130,"column":27},"skip":true},"42":{"start":{"line":133,"column":16},"end":{"line":137,"column":36},"skip":true},"43":{"start":{"line":134,"column":20},"end":{"line":136,"column":55},"skip":true},"44":{"start":{"line":139,"column":16},"end":{"line":139,"column":57},"skip":true},"45":{"start":{"line":143,"column":8},"end":{"line":147,"column":11},"skip":true},"46":{"start":{"line":144,"column":12},"end":{"line":146,"column":15},"skip":true},"47":{"start":{"line":145,"column":16},"end":{"line":145,"column":70},"skip":true},"48":{"start":{"line":149,"column":8},"end":{"line":149,"column":31},"skip":true},"49":{"start":{"line":150,"column":8},"end":{"line":150,"column":14},"skip":true},"50":{"start":{"line":158,"column":8},"end":{"line":158,"column":31},"skip":true},"51":{"start":{"line":160,"column":8},"end":{"line":160,"column":33},"skip":true},"52":{"start":{"line":161,"column":8},"end":{"line":161,"column":37},"skip":true},"53":{"start":{"line":162,"column":8},"end":{"line":162,"column":35},"skip":true},"54":{"start":{"line":164,"column":8},"end":{"line":164,"column":50},"skip":true},"55":{"start":{"line":166,"column":8},"end":{"line":256,"column":2},"skip":true},"56":{"start":{"line":258,"column":8},"end":{"line":286,"column":9},"skip":true},"57":{"start":{"line":259,"column":12},"end":{"line":269,"column":14},"skip":true},"58":{"start":{"line":271,"column":12},"end":{"line":285,"column":19},"skip":true},"59":{"start":{"line":274,"column":20},"end":{"line":274,"column":35},"skip":true},"60":{"start":{"line":275,"column":20},"end":{"line":284,"column":21},"skip":true},"61":{"start":{"line":277,"column":24},"end":{"line":277,"column":64},"skip":true},"62":{"start":{"line":279,"column":24},"end":{"line":279,"column":40},"skip":true},"63":{"start":{"line":281,"column":24},"end":{"line":281,"column":40},"skip":true},"64":{"start":{"line":283,"column":24},"end":{"line":283,"column":39},"skip":true},"65":{"start":{"line":288,"column":8},"end":{"line":290,"column":9},"skip":true},"66":{"start":{"line":289,"column":12},"end":{"line":289,"column":18},"skip":true},"67":{"start":{"line":291,"column":8},"end":{"line":293,"column":54},"skip":true},"68":{"start":{"line":296,"column":8},"end":{"line":301,"column":37},"skip":true},"69":{"start":{"line":303,"column":8},"end":{"line":303,"column":82},"skip":true},"70":{"start":{"line":306,"column":8},"end":{"line":308,"column":9},"skip":true},"71":{"start":{"line":307,"column":12},"end":{"line":307,"column":82},"skip":true},"72":{"start":{"line":310,"column":8},"end":{"line":312,"column":9},"skip":true},"73":{"start":{"line":311,"column":12},"end":{"line":311,"column":18},"skip":true},"74":{"start":{"line":313,"column":8},"end":{"line":313,"column":54},"skip":true},"75":{"start":{"line":314,"column":8},"end":{"line":314,"column":69},"skip":true},"76":{"start":{"line":315,"column":8},"end":{"line":323,"column":36},"skip":true},"77":{"start":{"line":316,"column":12},"end":{"line":316,"column":61},"skip":true},"78":{"start":{"line":317,"column":12},"end":{"line":320,"column":13},"skip":true},"79":{"start":{"line":318,"column":16},"end":{"line":318,"column":75},"skip":true},"80":{"start":{"line":319,"column":16},"end":{"line":319,"column":23},"skip":true},"81":{"start":{"line":321,"column":12},"end":{"line":321,"column":38},"skip":true},"82":{"start":{"line":322,"column":12},"end":{"line":322,"column":27},"skip":true},"83":{"start":{"line":324,"column":8},"end":{"line":324,"column":14},"skip":true}},"branchMap":{"1":{"line":39,"type":"binary-expr","locations":[{"start":{"line":39,"column":23},"end":{"line":39,"column":62}},{"start":{"line":40,"column":20},"end":{"line":40,"column":70}},{"start":{"line":41,"column":20},"end":{"line":41,"column":71}},{"start":{"line":42,"column":20},"end":{"line":42,"column":29}}]},"2":{"line":44,"type":"binary-expr","locations":[{"start":{"line":44,"column":23},"end":{"line":44,"column":37}},{"start":{"line":45,"column":20},"end":{"line":45,"column":61}},{"start":{"line":46,"column":20},"end":{"line":46,"column":70}},{"start":{"line":47,"column":20},"end":{"line":47,"column":26}}]},"3":{"line":51,"type":"cond-expr","locations":[{"start":{"line":52,"column":14},"end":{"line":52,"column":20}},{"start":{"line":53,"column":14},"end":{"line":53,"column":20}}]},"4":{"line":55,"type":"binary-expr","locations":[{"start":{"line":55,"column":16},"end":{"line":55,"column":44}},{"start":{"line":55,"column":49},"end":{"line":57,"column":43}}]},"5":{"line":55,"type":"cond-expr","locations":[{"start":{"line":56,"column":14},"end":{"line":56,"column":58}},{"start":{"line":57,"column":14},"end":{"line":57,"column":43}}]},"6":{"line":61,"type":"switch","locations":[{"start":{"line":68,"column":4},"end":{"line":150,"column":14},"skip":true},{"start":{"line":156,"column":4},"end":{"line":324,"column":14},"skip":true}]},"7":{"line":70,"type":"if","locations":[{"start":{"line":70,"column":12},"end":{"line":70,"column":12},"skip":true},{"start":{"line":70,"column":12},"end":{"line":70,"column":12},"skip":true}]},"8":{"line":70,"type":"binary-expr","locations":[{"start":{"line":70,"column":16},"end":{"line":70,"column":22},"skip":true},{"start":{"line":70,"column":27},"end":{"line":70,"column":32},"skip":true},{"start":{"line":71,"column":20},"end":{"line":71,"column":39},"skip":true},{"start":{"line":72,"column":20},"end":{"line":72,"column":49},"skip":true},{"start":{"line":73,"column":20},"end":{"line":73,"column":58},"skip":true},{"start":{"line":74,"column":20},"end":{"line":74,"column":69},"skip":true}]},"9":{"line":79,"type":"switch","locations":[{"start":{"line":80,"column":20},"end":{"line":80,"column":33},"skip":true},{"start":{"line":81,"column":20},"end":{"line":83,"column":30},"skip":true},{"start":{"line":84,"column":20},"end":{"line":85,"column":49},"skip":true}]},"10":{"line":89,"type":"switch","locations":[{"start":{"line":90,"column":12},"end":{"line":103,"column":22},"skip":true},{"start":{"line":105,"column":12},"end":{"line":106,"column":22},"skip":true}]},"11":{"line":89,"type":"binary-expr","locations":[{"start":{"line":89,"column":20},"end":{"line":89,"column":25},"skip":true},{"start":{"line":89,"column":29},"end":{"line":89,"column":48},"skip":true},{"start":{"line":89,"column":52},"end":{"line":89,"column":74},"skip":true}]},"12":{"line":92,"type":"if","locations":[{"start":{"line":92,"column":16},"end":{"line":92,"column":16},"skip":true},{"start":{"line":92,"column":16},"end":{"line":92,"column":16},"skip":true}]},"13":{"line":108,"type":"if","locations":[{"start":{"line":108,"column":12},"end":{"line":108,"column":12},"skip":true},{"start":{"line":108,"column":12},"end":{"line":108,"column":12},"skip":true}]},"14":{"line":108,"type":"binary-expr","locations":[{"start":{"line":108,"column":16},"end":{"line":108,"column":61},"skip":true},{"start":{"line":108,"column":66},"end":{"line":108,"column":72},"skip":true},{"start":{"line":108,"column":77},"end":{"line":108,"column":82},"skip":true},{"start":{"line":109,"column":20},"end":{"line":109,"column":39},"skip":true},{"start":{"line":110,"column":20},"end":{"line":110,"column":49},"skip":true},{"start":{"line":111,"column":20},"end":{"line":111,"column":58},"skip":true},{"start":{"line":112,"column":20},"end":{"line":112,"column":68},"skip":true}]},"15":{"line":129,"type":"if","locations":[{"start":{"line":129,"column":16},"end":{"line":129,"column":16},"skip":true},{"start":{"line":129,"column":16},"end":{"line":129,"column":16},"skip":true}]},"16":{"line":134,"type":"cond-expr","locations":[{"start":{"line":135,"column":26},"end":{"line":135,"column":29},"skip":true},{"start":{"line":136,"column":26},"end":{"line":136,"column":54},"skip":true}]},"17":{"line":164,"type":"binary-expr","locations":[{"start":{"line":164,"column":27},"end":{"line":164,"column":43},"skip":true},{"start":{"line":164,"column":47},"end":{"line":164,"column":49},"skip":true}]},"18":{"line":258,"type":"if","locations":[{"start":{"line":258,"column":8},"end":{"line":258,"column":8},"skip":true},{"start":{"line":258,"column":8},"end":{"line":258,"column":8},"skip":true}]},"19":{"line":275,"type":"switch","locations":[{"start":{"line":276,"column":20},"end":{"line":277,"column":64},"skip":true},{"start":{"line":278,"column":20},"end":{"line":279,"column":40},"skip":true},{"start":{"line":280,"column":20},"end":{"line":281,"column":40},"skip":true},{"start":{"line":282,"column":20},"end":{"line":283,"column":39},"skip":true}]},"20":{"line":288,"type":"if","locations":[{"start":{"line":288,"column":8},"end":{"line":288,"column":8},"skip":true},{"start":{"line":288,"column":8},"end":{"line":288,"column":8},"skip":true}]},"21":{"line":288,"type":"binary-expr","locations":[{"start":{"line":288,"column":12},"end":{"line":288,"column":40},"skip":true},{"start":{"line":288,"column":44},"end":{"line":288,"column":67},"skip":true}]},"22":{"line":292,"type":"binary-expr","locations":[{"start":{"line":292,"column":12},"end":{"line":292,"column":50},"skip":true},{"start":{"line":293,"column":12},"end":{"line":293,"column":53},"skip":true}]},"23":{"line":297,"type":"binary-expr","locations":[{"start":{"line":297,"column":12},"end":{"line":297,"column":72},"skip":true},{"start":{"line":298,"column":12},"end":{"line":301,"column":36},"skip":true}]},"24":{"line":303,"type":"binary-expr","locations":[{"start":{"line":303,"column":43},"end":{"line":303,"column":75},"skip":true},{"start":{"line":303,"column":79},"end":{"line":303,"column":81},"skip":true}]},"25":{"line":306,"type":"if","locations":[{"start":{"line":306,"column":8},"end":{"line":306,"column":8},"skip":true},{"start":{"line":306,"column":8},"end":{"line":306,"column":8},"skip":true}]},"26":{"line":310,"type":"if","locations":[{"start":{"line":310,"column":8},"end":{"line":310,"column":8},"skip":true},{"start":{"line":310,"column":8},"end":{"line":310,"column":8},"skip":true}]},"27":{"line":313,"type":"binary-expr","locations":[{"start":{"line":313,"column":27},"end":{"line":313,"column":43},"skip":true},{"start":{"line":313,"column":47},"end":{"line":313,"column":53},"skip":true}]},"28":{"line":317,"type":"if","locations":[{"start":{"line":317,"column":12},"end":{"line":317,"column":12},"skip":true},{"start":{"line":317,"column":12},"end":{"line":317,"column":12},"skip":true}]}},"code":["/*","example.js","","quickstart example","","instruction","    1. save this script as example.js","    2. run the shell command:","        $ npm install npmtest-babel-polyfill && PORT=8081 node example.js","    3. play with the browser-demo on http://127.0.0.1:8081","*/","","","","/* istanbul instrument in package npmtest_babel_polyfill */","/*jslint","    bitwise: true,","    browser: true,","    maxerr: 8,","    maxlen: 96,","    node: true,","    nomen: true,","    regexp: true,","    stupid: true","*/","(function () {","    'use strict';","    var local;","","","","    // run shared js-env code - pre-init","    (function () {","        // init local","        local = {};","        // init modeJs","        local.modeJs = (function () {","            try {","                return typeof navigator.userAgent === 'string' &&","                    typeof document.querySelector('body') === 'object' &&","                    typeof XMLHttpRequest.prototype.open === 'function' &&","                    'browser';","            } catch (errorCaughtBrowser) {","                return module.exports &&","                    typeof process.versions.node === 'string' &&","                    typeof require('http').createServer === 'function' &&","                    'node';","            }","        }());","        // init global","        local.global = local.modeJs === 'browser'","            ? window","            : global;","        // init utility2_rollup","        local = local.global.utility2_rollup || (local.modeJs === 'browser'","            ? local.global.utility2_npmtest_babel_polyfill","            : global.utility2_moduleExports);","        // export local","        local.global.local = local;","    }());","    switch (local.modeJs) {","","","","    // post-init","    // run browser js-env code - post-init","    /* istanbul ignore next */","    case 'browser':","        local.testRunBrowser = function (event) {","            if (!event || (event &&","                    event.currentTarget &&","                    event.currentTarget.className &&","                    event.currentTarget.className.includes &&","                    event.currentTarget.className.includes('onreset'))) {","                // reset output","                Array.from(","                    document.querySelectorAll('body > .resettable')","                ).forEach(function (element) {","                    switch (element.tagName) {","                    case 'INPUT':","                    case 'TEXTAREA':","                        element.value = '';","                        break;","                    default:","                        element.textContent = '';","                    }","                });","            }","            switch (event && event.currentTarget && event.currentTarget.id) {","            case 'testRunButton1':","                // show tests","                if (document.querySelector('#testReportDiv1').style.display === 'none') {","                    document.querySelector('#testReportDiv1').style.display = 'block';","                    document.querySelector('#testRunButton1').textContent =","                        'hide internal test';","                    local.modeTest = true;","                    local.testRunDefault(local);","                // hide tests","                } else {","                    document.querySelector('#testReportDiv1').style.display = 'none';","                    document.querySelector('#testRunButton1').textContent = 'run internal test';","                }","                break;","            // custom-case","            default:","                break;","            }","            if (document.querySelector('#inputTextareaEval1') && (!event || (event &&","                    event.currentTarget &&","                    event.currentTarget.className &&","                    event.currentTarget.className.includes &&","                    event.currentTarget.className.includes('oneval')))) {","                // try to eval input-code","                try {","                    /*jslint evil: true*/","                    eval(document.querySelector('#inputTextareaEval1').value);","                } catch (errorCaught) {","                    console.error(errorCaught);","                }","            }","        };","        // log stderr and stdout to #outputTextareaStdout1","        ['error', 'log'].forEach(function (key) {","            console[key + '_original'] = console[key];","            console[key] = function () {","                var element;","                console[key + '_original'].apply(console, arguments);","                element = document.querySelector('#outputTextareaStdout1');","                if (!element) {","                    return;","                }","                // append text to #outputTextareaStdout1","                element.value += Array.from(arguments).map(function (arg) {","                    return typeof arg === 'string'","                        ? arg","                        : JSON.stringify(arg, null, 4);","                }).join(' ') + '\\n';","                // scroll textarea to bottom","                element.scrollTop = element.scrollHeight;","            };","        });","        // init event-handling","        ['change', 'click', 'keyup'].forEach(function (event) {","            Array.from(document.querySelectorAll('.on' + event)).forEach(function (element) {","                element.addEventListener(event, local.testRunBrowser);","            });","        });","        // run tests","        local.testRunBrowser();","        break;","","","","    // run node js-env code - post-init","    /* istanbul ignore next */","    case 'node':","        // export local","        module.exports = local;","        // require modules","        local.fs = require('fs');","        local.http = require('http');","        local.url = require('url');","        // init assets","        local.assetsDict = local.assetsDict || {};","        /* jslint-ignore-begin */","        local.assetsDict['/assets.index.template.html'] = '\\","<!doctype html>\\n\\","<html lang=\"en\">\\n\\","<head>\\n\\","<meta charset=\"UTF-8\">\\n\\","<meta name=\"viewport\" content=\"width=device-width, initial-scale=1\">\\n\\","<title>{{env.npm_package_name}} (v{{env.npm_package_version}})</title>\\n\\","<style>\\n\\","/*csslint\\n\\","    box-sizing: false,\\n\\","    universal-selector: false\\n\\","*/\\n\\","* {\\n\\","    box-sizing: border-box;\\n\\","}\\n\\","body {\\n\\","    background: #dde;\\n\\","    font-family: Arial, Helvetica, sans-serif;\\n\\","    margin: 2rem;\\n\\","}\\n\\","body > * {\\n\\","    margin-bottom: 1rem;\\n\\","}\\n\\",".utility2FooterDiv {\\n\\","    margin-top: 20px;\\n\\","    text-align: center;\\n\\","}\\n\\","</style>\\n\\","<style>\\n\\","/*csslint\\n\\","*/\\n\\","textarea {\\n\\","    font-family: monospace;\\n\\","    height: 10rem;\\n\\","    width: 100%;\\n\\","}\\n\\","textarea[readonly] {\\n\\","    background: #ddd;\\n\\","}\\n\\","</style>\\n\\","</head>\\n\\","<body>\\n\\","<!-- utility2-comment\\n\\","<div id=\"ajaxProgressDiv1\" style=\"background: #d00; height: 2px; left: 0; margin: 0; padding: 0; position: fixed; top: 0; transition: background 0.5s, width 1.5s; width: 25%;\"></div>\\n\\","utility2-comment -->\\n\\","<h1>\\n\\","<!-- utility2-comment\\n\\","    <a\\n\\","        {{#if env.npm_package_homepage}}\\n\\","        href=\"{{env.npm_package_homepage}}\"\\n\\","        {{/if env.npm_package_homepage}}\\n\\","        target=\"_blank\"\\n\\","    >\\n\\","utility2-comment -->\\n\\","        {{env.npm_package_name}} (v{{env.npm_package_version}})\\n\\","<!-- utility2-comment\\n\\","    </a>\\n\\","utility2-comment -->\\n\\","</h1>\\n\\","<h3>{{env.npm_package_description}}</h3>\\n\\","<!-- utility2-comment\\n\\","<h4><a download href=\"assets.app.js\">download standalone app</a></h4>\\n\\","<button class=\"onclick onreset\" id=\"testRunButton1\">run internal test</button><br>\\n\\","<div id=\"testReportDiv1\" style=\"display: none;\"></div>\\n\\","utility2-comment -->\\n\\","\\n\\","\\n\\","\\n\\","<label>stderr and stdout</label>\\n\\","<textarea class=\"resettable\" id=\"outputTextareaStdout1\" readonly></textarea>\\n\\","<!-- utility2-comment\\n\\","{{#if isRollup}}\\n\\","<script src=\"assets.app.js\"></script>\\n\\","{{#unless isRollup}}\\n\\","utility2-comment -->\\n\\","<script src=\"assets.utility2.rollup.js\"></script>\\n\\","<script src=\"jsonp.utility2._stateInit?callback=window.utility2._stateInit\"></script>\\n\\","<script src=\"assets.npmtest_babel_polyfill.rollup.js\"></script>\\n\\","<script src=\"assets.example.js\"></script>\\n\\","<script src=\"assets.test.js\"></script>\\n\\","<!-- utility2-comment\\n\\","{{/if isRollup}}\\n\\","utility2-comment -->\\n\\","<div class=\"utility2FooterDiv\">\\n\\","    [ this app was created with\\n\\","    <a href=\"https://github.com/kaizhu256/node-utility2\" target=\"_blank\">utility2</a>\\n\\","    ]\\n\\","</div>\\n\\","</body>\\n\\","</html>\\n\\","';","        /* jslint-ignore-end */","        if (local.templateRender) {","            local.assetsDict['/'] = local.templateRender(","                local.assetsDict['/assets.index.template.html'],","                {","                    env: local.objectSetDefault(local.env, {","                        npm_package_description: 'the greatest app in the world!',","                        npm_package_name: 'my-app',","                        npm_package_nameAlias: 'my_app',","                        npm_package_version: '0.0.1'","                    })","                }","            );","        } else {","            local.assetsDict['/'] = local.assetsDict['/assets.index.template.html']","                .replace((/\\{\\{env\\.(\\w+?)\\}\\}/g), function (match0, match1) {","                    // jslint-hack","                    String(match0);","                    switch (match1) {","                    case 'npm_package_description':","                        return 'the greatest app in the world!';","                    case 'npm_package_name':","                        return 'my-app';","                    case 'npm_package_nameAlias':","                        return 'my_app';","                    case 'npm_package_version':","                        return '0.0.1';","                    }","                });","        }","        // run the cli","        if (local.global.utility2_rollup || module !== require.main) {","            break;","        }","        local.assetsDict['/assets.example.js'] =","            local.assetsDict['/assets.example.js'] ||","            local.fs.readFileSync(__filename, 'utf8');","        // bug-workaround - long $npm_package_buildCustomOrg","        /* jslint-ignore-begin */","        local.assetsDict['/assets.npmtest_babel_polyfill.rollup.js'] =","            local.assetsDict['/assets.npmtest_babel_polyfill.rollup.js'] ||","            local.fs.readFileSync(","                local.npmtest_babel_polyfill.__dirname + '/lib.npmtest_babel_polyfill.js',","                'utf8'","            ).replace((/^#!/), '//');","        /* jslint-ignore-end */","        local.assetsDict['/favicon.ico'] = local.assetsDict['/favicon.ico'] || '';","        // if $npm_config_timeout_exit exists,","        // then exit this process after $npm_config_timeout_exit ms","        if (Number(process.env.npm_config_timeout_exit)) {","            setTimeout(process.exit, Number(process.env.npm_config_timeout_exit));","        }","        // start server","        if (local.global.utility2_serverHttp1) {","            break;","        }","        process.env.PORT = process.env.PORT || '8081';","        console.error('server starting on port ' + process.env.PORT);","        local.http.createServer(function (request, response) {","            request.urlParsed = local.url.parse(request.url);","            if (local.assetsDict[request.urlParsed.pathname] !== undefined) {","                response.end(local.assetsDict[request.urlParsed.pathname]);","                return;","            }","            response.statusCode = 404;","            response.end();","        }).listen(process.env.PORT);","        break;","    }","}());",""],"l":{"26":2,"28":2,"33":2,"35":2,"37":2,"38":2,"39":2,"44":1,"51":2,"55":2,"59":2,"61":2,"69":1,"70":2,"76":2,"79":2,"82":2,"83":2,"85":1,"89":2,"92":1,"93":1,"94":1,"96":1,"97":1,"100":1,"101":1,"103":1,"106":1,"108":2,"114":1,"116":1,"118":1,"123":1,"124":2,"125":2,"126":3,"127":3,"128":3,"129":3,"130":1,"133":3,"134":3,"139":3,"143":1,"144":3,"145":1,"149":1,"150":1,"158":1,"160":1,"161":1,"162":1,"164":1,"166":1,"258":1,"259":1,"271":1,"274":6,"275":6,"277":1,"279":2,"281":1,"283":2,"288":1,"289":1,"291":1,"296":1,"303":1,"306":1,"307":1,"310":1,"311":1,"313":1,"314":1,"315":1,"316":1,"317":1,"318":1,"319":1,"321":1,"322":1,"324":1}},"/home/travis/build/npmtest/node-npmtest-babel-polyfill/node_modules/babel-polyfill/lib/index.js":{"path":"/home/travis/build/npmtest/node-npmtest-babel-polyfill/node_modules/babel-polyfill/lib/index.js","s":{"1":1,"2":1,"3":1,"4":1,"5":0,"6":1,"7":1,"8":1,"9":29,"10":1,"11":1,"12":1,"13":27},"b":{"1":[0,1],"2":[29,29],"3":[27,27]},"f":{"1":29,"2":27},"fnMap":{"1":{"name":"define","line":15,"loc":{"start":{"line":15,"column":0},"end":{"line":15,"column":31}}},"2":{"name":"(anonymous_2)","line":26,"loc":{"start":{"line":26,"column":211},"end":{"line":26,"column":226}}}},"statementMap":{"1":{"start":{"line":3,"column":0},"end":{"line":3,"column":24}},"2":{"start":{"line":5,"column":0},"end":{"line":5,"column":39}},"3":{"start":{"line":7,"column":0},"end":{"line":7,"column":36}},"4":{"start":{"line":9,"column":0},"end":{"line":11,"column":1}},"5":{"start":{"line":10,"column":2},"end":{"line":10,"column":68}},"6":{"start":{"line":12,"column":0},"end":{"line":12,"column":29}},"7":{"start":{"line":14,"column":0},"end":{"line":14,"column":39}},"8":{"start":{"line":15,"column":0},"end":{"line":21,"column":1}},"9":{"start":{"line":16,"column":2},"end":{"line":20,"column":5}},"10":{"start":{"line":23,"column":0},"end":{"line":23,"column":49}},"11":{"start":{"line":24,"column":0},"end":{"line":24,"column":48}},"12":{"start":{"line":26,"column":0},"end":{"line":28,"column":3}},"13":{"start":{"line":27,"column":2},"end":{"line":27,"column":61}}},"branchMap":{"1":{"line":9,"type":"if","locations":[{"start":{"line":9,"column":0},"end":{"line":9,"column":0}},{"start":{"line":9,"column":0},"end":{"line":9,"column":0}}]},"2":{"line":16,"type":"binary-expr","locations":[{"start":{"line":16,"column":2},"end":{"line":16,"column":8}},{"start":{"line":16,"column":12},"end":{"line":20,"column":4}}]},"3":{"line":27,"type":"binary-expr","locations":[{"start":{"line":27,"column":2},"end":{"line":27,"column":9}},{"start":{"line":27,"column":13},"end":{"line":27,"column":60}}]}},"code":["\"use strict\";","","require(\"core-js/shim\");","","require(\"regenerator-runtime/runtime\");","","require(\"core-js/fn/regexp/escape\");","","if (global._babelPolyfill) {","  throw new Error(\"only one instance of babel-polyfill is allowed\");","}","global._babelPolyfill = true;","","var DEFINE_PROPERTY = \"defineProperty\";","function define(O, key, value) {","  O[key] || Object[DEFINE_PROPERTY](O, key, {","    writable: true,","    configurable: true,","    value: value","  });","}","","define(String.prototype, \"padLeft\", \"\".padStart);","define(String.prototype, \"padRight\", \"\".padEnd);","","\"pop,reverse,shift,keys,values,entries,indexOf,every,some,forEach,map,filter,find,findIndex,includes,join,slice,concat,push,splice,unshift,sort,lastIndexOf,reduce,reduceRight,copyWithin,fill\".split(\",\").forEach(function (key) {","  [][key] && define(Array, key, Function.call.bind([][key]));","});"],"l":{"3":1,"5":1,"7":1,"9":1,"10":0,"12":1,"14":1,"15":1,"16":29,"23":1,"24":1,"26":1,"27":27}},"/home/travis/build/npmtest/node-npmtest-babel-polyfill/node_modules/babel-polyfill/browser.js":{"path":"/home/travis/build/npmtest/node-npmtest-babel-polyfill/node_modules/babel-polyfill/browser.js","s":{"1":2,"2":1,"3":2006,"4":590,"5":0,"6":0,"7":0,"8":0,"9":0,"10":0,"11":0,"12":590,"13":590,"14":2004,"15":2004,"16":2004,"17":2,"18":2,"19":0,"20":2,"21":1,"22":0,"23":2,"24":2,"25":0,"26":0,"27":0,"28":0,"29":2,"30":2,"31":576,"32":0,"33":576,"34":2,"35":2,"36":0,"37":0,"38":0,"39":2,"40":2,"41":16,"42":2,"43":0,"44":0,"45":0,"46":2,"47":2,"48":0,"49":0,"50":0,"51":2,"52":2,"53":0,"54":0,"55":0,"56":0,"57":2,"58":2,"59":0,"60":0,"61":0,"62":2,"63":2,"64":0,"65":0,"66":2,"67":2,"68":10,"69":0,"70":0,"71":0,"72":0,"73":0,"74":0,"75":0,"76":0,"77":0,"78":2,"79":2,"80":34,"81":34,"82":0,"83":0,"84":0,"85":0,"86":0,"87":0,"88":0,"89":0,"90":0,"91":0,"92":0,"93":0,"94":0,"95":2,"96":2,"97":0,"98":0,"99":0,"100":0,"101":0,"102":0,"103":0,"104":0,"105":0,"106":0,"107":0,"108":0,"109":2,"110":2,"111":0,"112":0,"113":2,"114":2,"115":0,"116":2,"117":0,"118":0,"119":0,"120":0,"121":0,"122":2,"123":0,"124":0,"125":0,"126":0,"127":2,"128":2,"129":2,"130":2,"131":2,"132":2,"133":2,"134":2,"135":2,"136":10,"137":2,"138":0,"139":0,"140":0,"141":0,"142":0,"143":0,"144":2,"145":0,"146":0,"147":0,"148":0,"149":0,"150":0,"151":0,"152":0,"153":0,"154":0,"155":0,"156":0,"157":0,"158":0,"159":0,"160":0,"161":0,"162":0,"163":0,"164":4,"165":0,"166":0,"167":0,"168":0,"169":2,"170":2,"171":4,"172":0,"173":0,"174":0,"175":2,"176":0,"177":0,"178":0,"179":0,"180":2,"181":0,"182":0,"183":0,"184":0,"185":0,"186":0,"187":0,"188":0,"189":0,"190":0,"191":0,"192":0,"193":0,"194":0,"195":0,"196":0,"197":0,"198":0,"199":0,"200":0,"201":0,"202":0,"203":2,"204":2,"205":8,"206":0,"207":0,"208":0,"209":0,"210":0,"211":0,"212":0,"213":8,"214":4,"215":8,"216":8,"217":8,"218":4,"219":20,"220":4,"221":8,"222":0,"223":0,"224":0,"225":0,"226":8,"227":2,"228":2,"229":2,"230":2,"231":0,"232":2,"233":2,"234":576,"235":0,"236":576,"237":0,"238":0,"239":0,"240":0,"241":0,"242":0,"243":576,"244":0,"245":0,"246":0,"247":0,"248":0,"249":0,"250":2,"251":0,"252":0,"253":0,"254":2,"255":2,"256":2,"257":2,"258":2,"259":0,"260":2,"261":2,"262":2,"263":0,"264":0,"265":0,"266":0,"267":0,"268":2,"269":460,"270":460,"271":460,"272":870,"273":2,"274":2,"275":2,"276":6,"277":6,"278":6,"279":6,"280":6,"281":0,"282":2,"283":214,"284":214,"285":58,"286":2,"287":2,"288":8,"289":8,"290":8,"291":8,"292":8,"293":0,"294":0,"295":2,"296":2,"297":0,"298":0,"299":2,"300":0,"301":0,"302":0,"303":0,"304":0,"305":0,"306":0,"307":0,"308":0,"309":0,"310":0,"311":2,"312":2,"313":2,"314":2,"315":2,"316":1034,"317":2,"318":2,"319":1036,"320":0,"321":2,"322":2,"323":0,"324":0,"325":2,"326":2,"327":0,"328":0,"329":2,"330":0,"331":0,"332":0,"333":0,"334":0,"335":0,"336":0,"337":0,"338":2,"339":2,"340":0,"341":2,"342":2,"343":0,"344":2,"345":2,"346":0,"347":2,"348":2,"349":0,"350":2,"351":2,"352":2,"353":2,"354":0,"355":0,"356":2,"357":2,"358":0,"359":0,"360":0,"361":0,"362":2,"363":2,"364":0,"365":12,"366":2,"367":0,"368":2,"369":8,"370":8,"371":10,"372":10,"373":0,"374":0,"375":0,"376":0,"377":0,"378":0,"379":0,"380":8,"381":0,"382":6,"383":4,"384":12,"385":2,"386":8,"387":2,"388":2,"389":2,"390":2,"391":2,"392":2,"393":2,"394":30,"395":0,"396":30,"397":30,"398":30,"399":30,"400":30,"401":30,"402":30,"403":2,"404":0,"405":2,"406":2,"407":2,"408":0,"409":0,"410":0,"411":2,"412":2,"413":2,"414":0,"415":2,"416":0,"417":2,"418":0,"419":2,"420":0,"421":2,"422":0,"423":0,"424":0,"425":0,"426":0,"427":0,"428":0,"429":0,"430":0,"431":0,"432":0,"433":0,"434":0,"435":0,"436":0,"437":0,"438":0,"439":0,"440":2,"441":0,"442":0,"443":0,"444":0,"445":0,"446":0,"447":0,"448":0,"449":0,"450":0,"451":0,"452":0,"453":0,"454":0,"455":0,"456":0,"457":0,"458":0,"459":0,"460":0,"461":18,"462":2,"463":2,"464":2,"465":6,"466":0,"467":0,"468":0,"469":0,"470":0,"471":0,"472":0,"473":6,"474":6,"475":0,"476":0,"477":0,"478":0,"479":0,"480":0,"481":0,"482":0,"483":0,"484":0,"485":0,"486":6,"487":0,"488":0,"489":2,"490":2,"491":2,"492":2,"493":40,"494":0,"495":0,"496":0,"497":0,"498":2,"499":0,"500":0,"501":0,"502":0,"503":2,"504":0,"505":0,"506":2,"507":2,"508":0,"509":0,"510":0,"511":0,"512":0,"513":0,"514":2,"515":2,"516":0,"517":0,"518":0,"519":0,"520":2,"521":2,"522":2,"523":2,"524":2,"525":0,"526":0,"527":0,"528":0,"529":0,"530":2,"531":0,"532":0,"533":0,"534":2,"535":0,"536":2,"537":2,"538":0,"539":2,"540":2,"541":2,"542":0,"543":2,"544":2,"545":0,"546":0,"547":0,"548":0,"549":0,"550":0,"551":2,"552":2,"553":0,"554":2,"555":2,"556":2,"557":20,"558":20,"559":20,"560":2,"561":2,"562":4,"563":0,"564":0,"565":0,"566":2,"567":2,"568":0,"569":0,"570":2,"571":2,"572":0,"573":0,"574":2,"575":2,"576":0,"577":0,"578":2,"579":2,"580":0,"581":0,"582":0,"583":0,"584":0,"585":0,"586":0,"587":0,"588":0,"589":0,"590":0,"591":0,"592":2,"593":2,"594":1048,"595":2,"596":2,"597":14,"598":68,"599":14,"600":2,"601":2,"602":0,"603":940,"604":940,"605":16,"606":2,"607":2,"608":0,"609":2,"610":0,"611":2,"612":0,"613":2,"614":0,"615":0,"616":2,"617":0,"618":0,"619":0,"620":0,"621":0,"622":2,"623":2,"624":32,"625":32,"626":0,"627":2,"628":2,"629":40,"630":2,"631":2,"632":6,"633":2,"634":2,"635":12,"636":2,"637":2,"638":0,"639":0,"640":2,"641":2,"642":22,"643":22,"644":2,"645":2,"646":6,"647":0,"648":0,"649":2,"650":2,"651":0,"652":0,"653":0,"654":2,"655":0,"656":0,"657":2,"658":26,"659":26,"660":26,"661":26,"662":2,"663":2,"664":0,"665":0,"666":0,"667":0,"668":0,"669":2,"670":2,"671":0,"672":0,"673":0,"674":0,"675":0,"676":0,"677":2,"678":6,"679":6,"680":6,"681":0,"682":2,"683":2,"684":2,"685":0,"686":0,"687":0,"688":0,"689":0,"690":2,"691":0,"692":0,"693":0,"694":0,"695":0,"696":0,"697":0,"698":0,"699":0,"700":0,"701":2,"702":2,"703":0,"704":2,"705":2,"706":0,"707":2,"708":2,"709":0,"710":2,"711":2,"712":0,"713":2,"714":2,"715":0,"716":2,"717":2,"718":0,"719":0,"720":0,"721":0,"722":0,"723":0,"724":0,"725":0,"726":0,"727":0,"728":2,"729":2,"730":0,"731":2,"732":2,"733":0,"734":0,"735":0,"736":0,"737":0,"738":0,"739":0,"740":0,"741":0,"742":0,"743":0,"744":0,"745":0,"746":0,"747":0,"748":0,"749":0,"750":0,"751":0,"752":0,"753":8,"754":0,"755":0,"756":0,"757":0,"758":0,"759":0,"760":0,"761":0,"762":0,"763":0,"764":0,"765":0,"766":2,"767":0,"768":0,"769":0,"770":0,"771":0,"772":0,"773":0,"774":0,"775":0,"776":0,"777":0,"778":0,"779":0,"780":0,"781":0,"782":0,"783":0,"784":0,"785":0,"786":0,"787":0,"788":0,"789":0,"790":0,"791":0,"792":0,"793":0,"794":0,"795":0,"796":0,"797":0,"798":0,"799":0,"800":0,"801":0,"802":2,"803":2,"804":0,"805":2,"806":2,"807":0,"808":18,"809":18,"810":0,"811":0,"812":0,"813":0,"814":0,"815":0,"816":0,"817":18,"818":0,"819":0,"820":0,"821":0,"822":0,"823":0,"824":0,"825":0,"826":0,"827":0,"828":0,"829":0,"830":0,"831":0,"832":0,"833":0,"834":0,"835":0,"836":18,"837":0,"838":0,"839":0,"840":0,"841":18,"842":18,"843":0,"844":18,"845":18,"846":18,"847":0,"848":2,"849":0,"850":0,"851":0,"852":0,"853":0,"854":0,"855":0,"856":0,"857":0,"858":0,"859":0,"860":0,"861":0,"862":0,"863":0,"864":0,"865":0,"866":0,"867":0,"868":0,"869":0,"870":0,"871":0,"872":0,"873":0,"874":0,"875":0,"876":0,"877":0,"878":0,"879":0,"880":0,"881":0,"882":0,"883":0,"884":0,"885":2,"886":2,"887":2,"888":2,"889":0,"890":0,"891":0,"892":0,"893":0,"894":2,"895":2,"896":0,"897":0,"898":0,"899":0,"900":0,"901":0,"902":0,"903":0,"904":0,"905":0,"906":0,"907":0,"908":0,"909":0,"910":0,"911":0,"912":0,"913":0,"914":0,"915":0,"916":0,"917":0,"918":0,"919":0,"920":0,"921":0,"922":0,"923":0,"924":0,"925":0,"926":2,"927":2,"928":18,"929":2,"930":2,"931":2,"932":12,"933":2,"934":2,"935":32,"936":32,"937":2,"938":2,"939":80,"940":2,"941":2,"942":2,"943":0,"944":0,"945":2,"946":2,"947":0,"948":2,"949":2,"950":2,"951":2,"952":0,"953":2,"954":2,"955":2,"956":2,"957":0,"958":2,"959":2,"960":2,"961":0,"962":2,"963":2,"964":2,"965":0,"966":2,"967":2,"968":0,"969":2,"970":2,"971":2,"972":0,"973":0,"974":0,"975":0,"976":0,"977":0,"978":0,"979":2,"980":2,"981":0,"982":2,"983":2,"984":2,"985":2,"986":0,"987":0,"988":0,"989":2,"990":2,"991":0,"992":2,"993":2,"994":0,"995":0,"996":0,"997":0,"998":0,"999":0,"1000":0,"1001":2,"1002":2,"1003":0,"1004":2,"1005":2,"1006":1,"1007":2,"1008":0,"1009":0,"1010":0,"1011":2,"1012":2,"1013":0,"1014":2,"1015":2,"1016":0,"1017":2,"1018":2,"1019":2,"1020":0,"1021":0,"1022":0,"1023":0,"1024":0,"1025":0,"1026":2,"1027":2,"1028":0,"1029":2,"1030":2,"1031":2,"1032":2,"1033":0,"1034":2,"1035":2,"1036":2,"1037":0,"1038":2,"1039":0,"1040":2,"1041":2,"1042":2,"1043":0,"1044":0,"1045":0,"1046":0,"1047":2,"1048":2,"1049":2,"1050":2,"1051":0,"1052":0,"1053":2,"1054":2,"1055":2,"1056":2,"1057":0,"1058":0,"1059":2,"1060":2,"1061":2,"1062":2,"1063":0,"1064":0,"1065":0,"1066":0,"1067":0,"1068":0,"1069":0,"1070":0,"1071":2,"1072":0,"1073":2,"1074":0,"1075":0,"1076":0,"1077":0,"1078":2,"1079":2,"1080":0,"1081":0,"1082":0,"1083":0,"1084":0,"1085":2,"1086":2,"1087":0,"1088":1,"1089":0,"1090":2,"1091":2,"1092":2,"1093":2,"1094":0,"1095":2,"1096":2,"1097":0,"1098":2,"1099":2,"1100":0,"1101":2,"1102":2,"1103":0,"1104":2,"1105":2,"1106":2,"1107":0,"1108":2,"1109":0,"1110":0,"1111":2,"1112":2,"1113":0,"1114":0,"1115":0,"1116":2,"1117":2,"1118":2,"1119":0,"1120":0,"1121":2,"1122":2,"1123":0,"1124":2,"1125":2,"1126":2,"1127":2,"1128":0,"1129":2,"1130":2,"1131":2,"1132":2,"1133":2,"1134":1,"1135":2,"1136":2,"1137":0,"1138":0,"1139":2,"1140":2,"1141":0,"1142":2,"1143":0,"1144":0,"1145":0,"1146":0,"1147":0,"1148":0,"1149":0,"1150":0,"1151":0,"1152":0,"1153":0,"1154":0,"1155":0,"1156":0,"1157":0,"1158":0,"1159":0,"1160":0,"1161":0,"1162":2,"1163":0,"1164":0,"1165":0,"1166":0,"1167":0,"1168":0,"1169":0,"1170":2,"1171":2,"1172":2,"1173":2,"1174":0,"1175":2,"1176":2,"1177":2,"1178":2,"1179":0,"1180":2,"1181":2,"1182":0,"1183":2,"1184":2,"1185":2,"1186":2,"1187":2,"1188":2,"1189":2,"1190":2,"1191":2,"1192":0,"1193":0,"1194":0,"1195":0,"1196":0,"1197":0,"1198":0,"1199":0,"1200":0,"1201":0,"1202":0,"1203":0,"1204":0,"1205":0,"1206":0,"1207":2,"1208":2,"1209":0,"1210":0,"1211":0,"1212":0,"1213":0,"1214":0,"1215":0,"1216":0,"1217":0,"1218":0,"1219":0,"1220":0,"1221":0,"1222":0,"1223":0,"1224":0,"1225":2,"1226":2,"1227":2,"1228":2,"1229":0,"1230":0,"1231":2,"1232":2,"1233":2,"1234":2,"1235":2,"1236":2,"1237":2,"1238":2,"1239":2,"1240":2,"1241":2,"1242":0,"1243":2,"1244":2,"1245":2,"1246":0,"1247":2,"1248":2,"1249":2,"1250":2,"1251":2,"1252":0,"1253":2,"1254":2,"1255":2,"1256":0,"1257":2,"1258":2,"1259":2,"1260":0,"1261":2,"1262":2,"1263":2,"1264":0,"1265":2,"1266":2,"1267":2,"1268":2,"1269":2,"1270":0,"1271":2,"1272":2,"1273":2,"1274":0,"1275":2,"1276":2,"1277":2,"1278":0,"1279":2,"1280":2,"1281":2,"1282":2,"1283":0,"1284":2,"1285":2,"1286":2,"1287":2,"1288":2,"1289":2,"1290":2,"1291":2,"1292":2,"1293":0,"1294":0,"1295":0,"1296":0,"1297":0,"1298":0,"1299":0,"1300":0,"1301":0,"1302":0,"1303":0,"1304":0,"1305":0,"1306":0,"1307":0,"1308":0,"1309":0,"1310":0,"1311":0,"1312":0,"1313":0,"1314":0,"1315":0,"1316":0,"1317":0,"1318":0,"1319":0,"1320":0,"1321":0,"1322":0,"1323":0,"1324":0,"1325":0,"1326":0,"1327":0,"1328":0,"1329":0,"1330":0,"1331":0,"1332":0,"1333":0,"1334":0,"1335":0,"1336":0,"1337":0,"1338":0,"1339":0,"1340":2,"1341":0,"1342":0,"1343":0,"1344":0,"1345":0,"1346":0,"1347":0,"1348":0,"1349":0,"1350":0,"1351":0,"1352":0,"1353":0,"1354":0,"1355":0,"1356":0,"1357":2,"1358":0,"1359":0,"1360":0,"1361":0,"1362":0,"1363":0,"1364":0,"1365":0,"1366":0,"1367":0,"1368":0,"1369":2,"1370":2,"1371":2,"1372":0,"1373":0,"1374":2,"1375":1,"1376":2,"1377":2,"1378":2,"1379":0,"1380":0,"1381":0,"1382":0,"1383":0,"1384":0,"1385":0,"1386":0,"1387":0,"1388":0,"1389":0,"1390":0,"1391":0,"1392":0,"1393":0,"1394":2,"1395":2,"1396":2,"1397":0,"1398":0,"1399":0,"1400":0,"1401":2,"1402":2,"1403":0,"1404":0,"1405":2,"1406":0,"1407":0,"1408":0,"1409":0,"1410":2,"1411":0,"1412":0,"1413":0,"1414":0,"1415":0,"1416":0,"1417":2,"1418":2,"1419":0,"1420":2,"1421":2,"1422":0,"1423":1,"1424":0,"1425":0,"1426":2,"1427":2,"1428":2,"1429":2,"1430":0,"1431":2,"1432":2,"1433":0,"1434":2,"1435":2,"1436":2,"1437":2,"1438":0,"1439":0,"1440":0,"1441":0,"1442":2,"1443":2,"1444":0,"1445":0,"1446":0,"1447":0,"1448":1,"1449":0,"1450":0,"1451":0,"1452":0,"1453":0,"1454":0,"1455":2,"1456":2,"1457":2,"1458":2,"1459":2,"1460":0,"1461":0,"1462":0,"1463":0,"1464":0,"1465":0,"1466":2,"1467":2,"1468":2,"1469":2,"1470":0,"1471":0,"1472":2,"1473":2,"1474":0,"1475":0,"1476":2,"1477":2,"1478":0,"1479":0,"1480":2,"1481":2,"1482":2,"1483":0,"1484":0,"1485":0,"1486":0,"1487":0,"1488":0,"1489":0,"1490":0,"1491":0,"1492":0,"1493":0,"1494":0,"1495":0,"1496":2,"1497":0,"1498":2,"1499":0,"1500":0,"1501":2,"1502":2,"1503":0,"1504":2,"1505":2,"1506":0,"1507":0,"1508":0,"1509":2,"1510":2,"1511":0,"1512":0,"1513":0,"1514":2,"1515":2,"1516":0,"1517":2,"1518":2,"1519":0,"1520":2,"1521":2,"1522":0,"1523":2,"1524":2,"1525":0,"1526":2,"1527":2,"1528":0,"1529":2,"1530":2,"1531":0,"1532":0,"1533":2,"1534":2,"1535":0,"1536":2,"1537":2,"1538":0,"1539":2,"1540":2,"1541":0,"1542":2,"1543":2,"1544":0,"1545":0,"1546":0,"1547":0,"1548":0,"1549":2,"1550":2,"1551":0,"1552":2,"1553":2,"1554":0,"1555":2,"1556":2,"1557":0,"1558":0,"1559":0,"1560":2,"1561":2,"1562":0,"1563":2,"1564":2,"1565":0,"1566":0,"1567":0,"1568":2,"1569":2,"1570":2,"1571":2,"1572":0,"1573":2,"1574":2,"1575":0,"1576":0,"1577":2,"1578":2,"1579":0,"1580":2,"1581":2,"1582":0,"1583":2,"1584":2,"1585":0,"1586":2,"1587":0,"1588":0,"1589":2,"1590":2,"1591":2,"1592":0,"1593":0,"1594":0,"1595":0,"1596":0,"1597":0,"1598":0,"1599":0,"1600":0,"1601":0,"1602":0,"1603":0,"1604":0,"1605":0,"1606":0,"1607":0,"1608":0,"1609":0,"1610":0,"1611":0,"1612":0,"1613":0,"1614":0,"1615":2,"1616":0,"1617":0,"1618":0,"1619":0,"1620":0,"1621":0,"1622":0,"1623":2,"1624":22,"1625":2,"1626":28,"1627":2,"1628":0,"1629":0,"1630":0,"1631":0,"1632":0,"1633":0,"1634":2,"1635":2,"1636":0,"1637":0,"1638":0,"1639":0,"1640":0,"1641":0,"1642":2,"1643":2,"1644":0,"1645":2,"1646":0,"1647":0,"1648":0,"1649":0,"1650":0,"1651":2,"1652":2,"1653":2,"1654":0,"1655":0,"1656":2,"1657":0,"1658":0,"1659":2,"1660":0,"1661":0,"1662":2,"1663":0,"1664":0,"1665":2,"1666":0,"1667":0,"1668":2,"1669":0,"1670":0,"1671":2,"1672":0,"1673":0,"1674":2,"1675":0,"1676":0,"1677":2,"1678":0,"1679":0,"1680":2,"1681":0,"1682":0,"1683":0,"1684":0,"1685":0,"1686":0,"1687":2,"1688":0,"1689":0,"1690":0,"1691":0,"1692":0,"1693":0,"1694":0,"1695":2,"1696":2,"1697":0,"1698":0,"1699":0,"1700":2,"1701":2,"1702":0,"1703":2,"1704":2,"1705":0,"1706":0,"1707":2,"1708":2,"1709":0,"1710":2,"1711":2,"1712":2,"1713":2,"1714":0,"1715":0,"1716":2,"1717":2,"1718":0,"1719":0,"1720":2,"1721":2,"1722":0,"1723":0,"1724":2,"1725":2,"1726":0,"1727":0,"1728":2,"1729":2,"1730":0,"1731":2,"1732":2,"1733":0,"1734":2,"1735":2,"1736":0,"1737":2,"1738":2,"1739":0,"1740":0,"1741":0,"1742":2,"1743":2,"1744":0,"1745":0,"1746":0,"1747":0,"1748":2,"1749":2,"1750":0,"1751":0,"1752":0,"1753":0,"1754":2,"1755":2,"1756":0,"1757":2,"1758":0,"1759":0,"1760":0,"1761":0,"1762":0,"1763":0,"1764":0,"1765":0,"1766":0,"1767":0,"1768":0,"1769":0,"1770":2,"1771":0,"1772":2,"1773":0,"1774":2,"1775":0,"1776":0,"1777":0,"1778":0,"1779":0,"1780":0,"1781":0,"1782":0,"1783":0,"1784":0,"1785":0,"1786":0,"1787":0,"1788":0,"1789":0,"1790":0,"1791":0,"1792":0,"1793":0,"1794":0,"1795":0,"1796":0,"1797":0,"1798":0,"1799":0,"1800":0,"1801":0,"1802":0,"1803":0,"1804":0,"1805":0,"1806":0,"1807":0,"1808":0,"1809":0,"1810":2,"1811":0,"1812":2,"1813":0,"1814":0,"1815":0,"1816":0,"1817":0,"1818":0,"1819":0,"1820":0,"1821":0,"1822":0,"1823":0,"1824":0,"1825":0,"1826":0,"1827":0,"1828":0,"1829":0,"1830":0,"1831":0,"1832":0,"1833":0,"1834":0,"1835":0,"1836":0,"1837":0,"1838":0,"1839":0,"1840":0,"1841":0,"1842":0,"1843":0,"1844":0,"1845":0,"1846":0,"1847":0,"1848":0,"1849":0,"1850":0,"1851":0,"1852":2,"1853":2,"1854":0,"1855":2,"1856":2,"1857":0,"1858":0,"1859":0,"1860":0,"1861":0,"1862":0,"1863":0,"1864":2,"1865":0,"1866":0,"1867":0,"1868":0,"1869":0,"1870":2,"1871":0,"1872":2,"1873":0,"1874":0,"1875":0,"1876":0,"1877":0,"1878":2,"1879":0,"1880":2,"1881":2,"1882":0,"1883":2,"1884":2,"1885":0,"1886":2,"1887":0,"1888":0,"1889":0,"1890":0,"1891":0,"1892":2,"1893":0,"1894":2,"1895":2,"1896":0,"1897":2,"1898":2,"1899":0,"1900":0,"1901":2,"1902":2,"1903":2,"1904":2,"1905":0,"1906":2,"1907":0,"1908":2,"1909":0,"1910":0,"1911":0,"1912":0,"1913":0,"1914":0,"1915":2,"1916":2,"1917":0,"1918":2,"1919":2,"1920":0,"1921":2,"1922":0,"1923":0,"1924":2,"1925":0,"1926":0,"1927":2,"1928":2,"1929":2,"1930":2,"1931":2,"1932":10,"1933":10,"1934":0,"1935":0,"1936":0,"1937":2,"1938":2,"1939":2,"1940":4,"1941":0,"1942":2,"1943":2,"1944":2,"1945":2,"1946":1,"1947":0,"1948":0,"1949":1,"1950":0,"1951":0,"1952":0,"1953":1,"1954":1,"1955":1,"1956":1,"1957":0,"1958":0,"1959":0,"1960":1,"1961":1,"1962":0,"1963":0,"1964":0,"1965":0,"1966":0,"1967":0,"1968":0,"1969":0,"1970":1,"1971":1,"1972":0,"1973":0,"1974":0,"1975":0,"1976":0,"1977":0,"1978":1,"1979":0,"1980":0,"1981":0,"1982":0,"1983":0,"1984":0,"1985":0,"1986":0,"1987":0,"1988":0,"1989":0,"1990":0,"1991":0,"1992":0,"1993":0,"1994":0,"1995":0,"1996":0,"1997":0,"1998":0,"1999":0,"2000":0,"2001":0,"2002":0,"2003":0,"2004":0,"2005":0,"2006":0,"2007":0,"2008":0,"2009":0,"2010":0,"2011":0,"2012":0,"2013":0,"2014":0,"2015":0,"2016":0,"2017":0,"2018":0,"2019":0,"2020":0,"2021":0,"2022":0,"2023":0,"2024":0,"2025":1,"2026":0,"2027":0,"2028":1,"2029":0,"2030":0,"2031":1,"2032":0,"2033":1,"2034":0,"2035":0,"2036":0,"2037":0,"2038":0,"2039":0,"2040":0,"2041":0,"2042":0,"2043":0,"2044":0,"2045":0,"2046":0,"2047":0,"2048":1,"2049":0,"2050":2,"2051":2,"2052":2,"2053":0,"2054":0,"2055":0,"2056":0,"2057":0,"2058":0,"2059":0,"2060":0,"2061":0,"2062":0,"2063":0,"2064":0,"2065":0,"2066":0,"2067":0,"2068":0,"2069":0,"2070":0,"2071":0,"2072":0,"2073":0,"2074":0,"2075":0,"2076":0,"2077":0,"2078":0,"2079":0,"2080":0,"2081":0,"2082":0,"2083":0,"2084":0,"2085":0,"2086":1,"2087":0,"2088":0,"2089":0,"2090":0,"2091":0,"2092":0,"2093":0,"2094":0,"2095":0,"2096":0,"2097":0,"2098":0,"2099":0,"2100":0,"2101":0,"2102":0,"2103":0,"2104":0,"2105":0,"2106":0,"2107":0,"2108":0,"2109":0,"2110":0,"2111":0,"2112":0,"2113":0,"2114":0,"2115":0,"2116":0,"2117":0,"2118":0,"2119":0,"2120":0,"2121":0,"2122":0,"2123":0,"2124":0,"2125":0,"2126":0,"2127":0,"2128":0,"2129":0,"2130":0,"2131":0,"2132":0},"b":{"1":[590,1416],"2":[0,590],"3":[0,0],"4":[0,0],"5":[0,0],"6":[0,0],"7":[2004,0],"8":[0,0],"9":[2,0],"10":[0,0],"11":[2,0],"12":[0,0],"13":[0,0],"14":[0,576],"15":[0,0],"16":[0,0],"17":[2,0],"18":[0,0],"19":[0,0,0],"20":[0,0],"21":[2,0],"22":[0,0],"23":[0,0],"24":[0,0],"25":[0,0],"26":[0,0],"27":[0,0],"28":[0,0],"29":[0,0,0],"30":[0,0,0],"31":[0,0],"32":[34,28],"33":[34,32],"34":[0,0],"35":[0,0,0],"36":[0,0],"37":[0,0],"38":[0,0,0,0],"39":[0,0],"40":[0,0],"41":[0,0],"42":[0,0],"43":[0,0],"44":[0,0],"45":[0,0],"46":[0,0],"47":[0,0],"48":[0,0],"49":[0,0],"50":[0,0],"51":[0,0],"52":[0,0,0,0],"53":[0,0],"54":[0,0],"55":[0,0],"56":[0,0],"57":[2,0],"58":[0,0],"59":[0,0],"60":[0,2],"61":[0,2],"62":[0,2],"63":[2,0],"64":[0,0],"65":[0,0],"66":[2,0],"67":[0,0],"68":[0,0],"69":[0,0],"70":[0,0],"71":[0,0],"72":[0,0],"73":[0,0],"74":[0,0],"75":[0,0],"76":[0,0],"77":[0,0],"78":[0,0],"79":[0,0],"80":[0,0],"81":[0,0],"82":[0,0],"83":[0,0],"84":[0,0],"85":[0,0],"86":[0,0],"87":[0,0],"88":[0,0],"89":[2,2],"90":[0,0],"91":[0,0],"92":[0,0],"93":[0,0],"94":[0,0],"95":[0,0],"96":[0,0],"97":[0,0],"98":[0,0,0],"99":[0,0],"100":[0,0],"101":[0,0],"102":[0,0],"103":[4,4],"104":[8,8],"105":[0,0],"106":[0,0],"107":[0,0],"108":[0,0],"109":[0,0],"110":[0,0],"111":[0,0],"112":[0,0],"113":[0,0],"114":[0,0],"115":[0,0],"116":[0,0],"117":[0,0],"118":[0,0],"119":[0,0],"120":[8,0],"121":[8,8,4,4],"122":[4,4],"123":[8,4],"124":[8,0],"125":[0,0],"126":[8,8,0],"127":[0,0],"128":[8,8,0],"129":[8,4,0],"130":[8,4],"131":[2,0],"132":[0,0],"133":[0,576],"134":[0,0,0],"135":[0,0],"136":[0,0,0],"137":[0,0],"138":[2,0],"139":[0,0],"140":[0,0],"141":[0,0],"142":[46,414],"143":[196,218],"144":[196,0],"145":[218,0],"146":[46,414],"147":[414,24],"148":[460,26],"149":[460,46],"150":[870,866,866],"151":[866,4],"152":[8,862],"153":[870,8],"154":[568,294],"155":[862,568],"156":[870,870],"157":[870,776],"158":[870,568,104],"159":[8,0],"160":[0,0],"161":[0,0],"162":[0,0],"163":[0,0],"164":[0,0],"165":[0,0],"166":[0,0],"167":[0,0],"168":[0,0],"169":[0,0],"170":[0,0],"171":[0,0],"172":[0,0],"173":[0,0],"174":[0,0],"175":[0,2],"176":[2,0],"177":[0,2],"178":[2,0],"179":[2,0],"180":[2,0],"181":[2,0],"182":[2,0],"183":[0,0,0,0,0,0],"184":[0,0,0,0,0],"185":[0,0],"186":[0,0],"187":[0,0],"188":[0,0],"189":[0,0],"190":[2,0],"191":[0,0],"192":[0,0,0],"193":[2,0],"194":[0,0,0],"195":[0,2],"196":[0,0],"197":[0,0],"198":[0,0],"199":[0,0],"200":[2,2],"201":[10,0],"202":[10,10],"203":[0,0],"204":[8,0,0,0],"205":[8,0],"206":[6,2],"207":[4,2],"208":[2,6],"209":[2,0],"210":[6,2],"211":[8,8],"212":[8,8],"213":[8,8,0],"214":[8,4,4,0],"215":[8,0,8,8,8,0],"216":[4,2],"217":[4,2],"218":[2,4],"219":[12,0],"220":[2,2],"221":[0,30],"222":[30,12],"223":[0,0],"224":[0,2],"225":[2,2,2,2],"226":[0,0],"227":[0,0],"228":[0,0],"229":[2,0],"230":[0,0],"231":[0,0],"232":[2,0],"233":[0,0],"234":[0,0],"235":[0,0],"236":[2,0],"237":[0,0],"238":[0,0],"239":[0,0],"240":[0,0],"241":[0,0],"242":[0,0],"243":[0,0],"244":[0,0],"245":[0,0],"246":[0,0,0,0,0],"247":[2,0],"248":[0,0],"249":[0,0],"250":[0,0],"251":[0,0],"252":[0,0],"253":[0,0],"254":[0,0],"255":[0,0],"256":[0,0],"257":[2,2],"258":[0,0],"259":[0,0],"260":[6,0],"261":[0,0],"262":[0,0],"263":[0,0],"264":[0,0],"265":[0,0],"266":[0,2],"267":[2,2],"268":[2,2],"269":[0,0],"270":[2,0],"271":[0,0],"272":[0,0],"273":[2,0],"274":[0,0],"275":[0,0],"276":[0,0],"277":[0,0],"278":[2,0],"279":[2,2],"280":[2,0],"281":[0,0],"282":[0,0],"283":[0,2],"284":[2,0,0],"285":[0,0],"286":[0,0],"287":[2,0],"288":[2,0],"289":[0,0],"290":[0,0],"291":[0,0],"292":[0,0],"293":[0,0,0],"294":[0,0,0],"295":[2,0],"296":[20,16],"297":[20,0],"298":[0,0],"299":[0,0],"300":[2,2,0],"301":[0,0],"302":[0,2],"303":[0,0],"304":[0,0],"305":[0,2],"306":[2,2],"307":[0,0],"308":[0,0],"309":[0,0],"310":[0,0],"311":[0,0],"312":[0,0],"313":[0,0],"314":[940,914,0],"315":[940,72],"316":[72,72,72],"317":[10,62],"318":[0,72],"319":[0,72],"320":[0,0],"321":[16,16,13],"322":[0,2],"323":[2,0],"324":[0,0],"325":[0,0],"326":[0,0],"327":[0,0],"328":[0,0],"329":[2,0],"330":[0,0],"331":[0,0],"332":[32,32,32,0],"333":[40,40,12],"334":[12,28],"335":[6,0],"336":[2,0],"337":[12,0],"338":[0,0],"339":[0,0],"340":[22,22],"341":[14,8],"342":[0,0],"343":[0,0],"344":[0,0],"345":[0,0],"346":[0,0,0,0,0],"347":[0,0],"348":[0,0],"349":[0,0],"350":[0,0],"351":[26,26],"352":[0,0],"353":[0,0],"354":[0,0],"355":[0,0],"356":[0,0],"357":[0,0],"358":[0,0],"359":[0,0],"360":[0,0],"361":[6,6],"362":[0,6],"363":[6,4],"364":[0,0],"365":[0,0],"366":[0,0],"367":[2,2,0],"368":[0,0],"369":[0,0],"370":[0,0],"371":[0,0],"372":[0,0,0],"373":[0,0],"374":[0,0],"375":[0,0],"376":[0,0],"377":[0,0],"378":[0,0],"379":[0,0],"380":[0,0,0],"381":[0,0],"382":[0,0],"383":[0,0],"384":[0,0,0],"385":[2,0],"386":[2,2,2],"387":[0,0],"388":[0,0],"389":[0,0],"390":[0,0],"391":[0,0],"392":[0,0],"393":[0,0],"394":[0,0],"395":[0,0],"396":[0,0],"397":[0,0],"398":[0,0],"399":[0,0],"400":[2,2],"401":[0,0],"402":[0,0],"403":[0,0],"404":[0,0],"405":[0,0],"406":[0,0],"407":[0,0],"408":[0,0],"409":[0,0],"410":[0,0],"411":[0,0],"412":[0,0],"413":[0,0],"414":[0,0,0,0,0],"415":[0,0],"416":[0,0],"417":[0,0,0,0,0,0,0,0],"418":[0,0,0],"419":[2,0],"420":[2,0],"421":[2,16],"422":[18,0],"423":[18,18],"424":[18,18],"425":[18,18],"426":[0,0],"427":[0,0],"428":[0,0],"429":[0,18],"430":[0,0],"431":[0,0],"432":[0,0,0],"433":[0,0],"434":[0,0],"435":[0,0],"436":[0,0],"437":[0,0],"438":[18,0],"439":[0,0],"440":[0,0],"441":[0,0,0],"442":[0,0],"443":[0,0],"444":[0,0],"445":[0,0],"446":[0,0],"447":[0,0],"448":[18,18,0],"449":[18,0],"450":[2,16],"451":[18,0],"452":[18,18],"453":[18,0],"454":[18,18,0],"455":[2,0],"456":[2,0],"457":[2,0],"458":[0,0],"459":[0,0],"460":[0,0,0],"461":[0,0],"462":[0,0],"463":[0,0],"464":[0,0],"465":[0,0],"466":[0,0],"467":[0,0,0],"468":[0,0],"469":[0,0],"470":[0,0,0],"471":[0,0],"472":[0,0],"473":[2,0],"474":[0,2],"475":[2,2],"476":[0,0],"477":[0,0],"478":[2,2,0],"479":[0,0],"480":[0,0],"481":[0,0],"482":[0,0],"483":[0,0],"484":[18,0],"485":[0,12],"486":[32,0],"487":[0,0],"488":[0,0],"489":[32,30,0],"490":[80,0],"491":[0,0,0],"492":[0,0],"493":[0,0],"494":[0,0,0],"495":[2,2],"496":[0,0],"497":[2,2],"498":[0,0],"499":[0,0],"500":[0,0],"501":[0,0],"502":[0,0],"503":[0,0],"504":[0,0,0],"505":[0,0],"506":[0,0],"507":[2,2],"508":[2,2],"509":[0,0],"510":[0,0],"511":[0,0],"512":[0,0],"513":[0,0],"514":[0,0],"515":[2,2],"516":[0,0],"517":[2,2],"518":[2,2],"519":[0,0],"520":[0,0],"521":[0,0],"522":[0,0],"523":[0,0],"524":[2,0],"525":[0,0],"526":[0,0],"527":[0,0],"528":[2,2,2],"529":[0,0],"530":[0,0],"531":[2,2],"532":[0,0],"533":[0,0],"534":[0,0],"535":[0,0],"536":[0,0],"537":[2,2],"538":[0,0],"539":[0,0],"540":[2,0],"541":[2,0],"542":[0,0],"543":[2,0],"544":[0,0],"545":[0,0],"546":[0,0],"547":[0,0],"548":[2,0],"549":[2,0,0],"550":[0,0,0],"551":[0,0],"552":[0,0],"553":[0,0],"554":[2,2,2],"555":[0,0],"556":[0,0],"557":[0,0],"558":[0,0],"559":[0,0],"560":[2,2],"561":[2,2],"562":[0,0],"563":[0,0],"564":[0,0],"565":[0,0],"566":[0,0],"567":[0,0],"568":[0,0],"569":[0,0],"570":[2,2],"571":[1,0],"572":[0,0],"573":[0,0],"574":[0,0],"575":[0,0],"576":[0,0],"577":[0,0],"578":[0,0],"579":[0,0],"580":[0,0],"581":[0,0],"582":[0,0],"583":[0,0,0,0,0],"584":[0,0],"585":[0,0],"586":[0,2],"587":[2,2,2],"588":[0,0],"589":[0,0],"590":[0,0],"591":[0,0],"592":[0,0,0],"593":[0,0],"594":[0,0],"595":[0,0],"596":[0,0,0],"597":[0,0],"598":[0,0],"599":[0,0],"600":[2,2,2,2,2,2],"601":[0,0],"602":[0,0],"603":[0,0],"604":[0,0],"605":[0,0],"606":[0,0],"607":[0,0],"608":[0,0],"609":[0,0],"610":[0,0],"611":[0,0],"612":[2,2],"613":[0,0],"614":[0,0],"615":[0,0],"616":[0,0,0],"617":[0,0,0],"618":[0,0,0],"619":[0,0],"620":[0,0],"621":[0,0],"622":[0,0],"623":[2,0],"624":[2,0,2],"625":[0,0,0],"626":[0,0],"627":[0,0],"628":[0,0],"629":[0,0],"630":[0,0],"631":[0,0],"632":[0,0,0],"633":[0,0],"634":[0,0],"635":[0,0],"636":[0,0],"637":[0,0,0],"638":[0,0],"639":[0,0],"640":[0,0],"641":[0,0],"642":[0,0],"643":[0,0],"644":[0,0],"645":[0,0],"646":[0,0],"647":[0,0],"648":[0,0],"649":[0,0],"650":[0,0],"651":[0,0],"652":[2,0],"653":[0,0],"654":[0,0],"655":[0,0],"656":[0,0],"657":[0,0],"658":[2,2],"659":[0,0],"660":[0,0],"661":[2,2],"662":[0,0],"663":[0,0],"664":[0,0],"665":[0,0],"666":[0,0],"667":[2,0],"668":[0,0],"669":[2,0],"670":[2,2],"671":[0,0],"672":[0,0],"673":[0,0],"674":[0,0],"675":[0,0,0,0,0],"676":[0,0],"677":[0,0],"678":[0,0],"679":[0,0],"680":[0,0],"681":[0,0],"682":[0,0],"683":[0,0],"684":[0
[...]
i&r,c=e>>>16,f=i>>>16,a=(c*u>>>0)+(o*u>>>16);return c*f+(a>>>16)+((o*f>>>0)+(a&r)>>>16)}})},{32:32}],265:[function(t,n,r){\"use strict\";var e=t(32),i=t(109),o=t(3),u=t(67);t(28)&&e(e.P+t(69),\"Object\",{__defineGetter__:function __defineGetter__(t,n){u.f(i(this),t,{get:o(n),enumerable:!0,configurable:!0})}})},{109:109,28:28,3:3,32:32,67:67,69:69}],266:[function(t,n,r){\"use strict\";var e=t(32),i=t(109),o=t(3),u=t(67);t(28)&&e(e.P+t(69),\"Object\",{__defineSetter__:function __defineSetter__(t,n){u.f(i(this),t,{set:o(n),enumerable:!0,configurable:!0})}})},{109:109,28:28,3:3,32:32,67:67,69:69}],267:[function(t,n,r){var e=t(32),i=t(79)(!0);e(e.S,\"Object\",{entries:function entries(t){return i(t)}})},{32:32,79:79}],268:[function(t,n,r){var e=t(32),i=t(80),o=t(107),u=t(70),c=t(24);e(e.S,\"Object\",{getOwnPropertyDescriptors:function getOwnPropertyDescriptors(t){for(var n,r=o(t),e=u.f,f=i(r),a={},s=0;f.length>s;)c(a,n=f[s++],e(r,n));return a}})},{107:107,24:24,32:32,70:70,80:80}],269:[function(t,n,r){\"use strict\";var e=t(32),i=t(109),o=t(110),u=t(74),c=t(70).f;t(28)&&e(e.P+t(69),\"Object\",{__lookupGetter__:function __lookupGetter__(t){var n,r=i(this),e=o(t,!0);do if(n=c(r,e))return n.get;while(r=u(r))}})},{109:109,110:110,28:28,32:32,69:69,70:70,74:74}],270:[function(t,n,r){\"use strict\";var e=t(32),i=t(109),o=t(110),u=t(74),c=t(70).f;t(28)&&e(e.P+t(69),\"Object\",{__lookupSetter__:function __lookupSetter__(t){var n,r=i(this),e=o(t,!0);do if(n=c(r,e))return n.set;while(r=u(r))}})},{109:109,110:110,28:28,32:32,69:69,70:70,74:74}],271:[function(t,n,r){var e=t(32),i=t(79)(!1);e(e.S,\"Object\",{values:function values(t){return i(t)}})},{32:32,79:79}],272:[function(t,n,r){\"use strict\";var e=t(32),i=t(38),o=t(23),u=t(64)(),c=t(117)(\"observable\"),f=t(3),a=t(7),s=t(6),l=t(86),h=t(40),v=t(37),p=v.RETURN,d=function(t){return null==t?void 0:f(t)},y=function(t){var n=t._c;n&&(t._c=void 0,n())},g=function(t){return void 0===t._o},b=function(t){g(t)||(t._o=void 0,y(t))},x=function(t,n){a(t),this._c=void 0,this._o=t,t=new m(this);try{var r=n(t),e=r;null!=r&&(\"function\"==typeof r.unsubscribe?r=function(){e.unsubscribe()}:f(r),this._c=r)}catch(n){return void t.error(n)}g(this)&&y(this)};x.prototype=l({},{unsubscribe:function unsubscribe(){b(this)}});var m=function(t){this._s=t};m.prototype=l({},{next:function next(t){var n=this._s;if(!g(n)){var r=n._o;try{var e=d(r.next);if(e)return e.call(r,t)}catch(t){try{b(n)}finally{throw t}}}},error:function error(t){var n=this._s;if(g(n))throw t;var r=n._o;n._o=void 0;try{var e=d(r.error);if(!e)throw t;t=e.call(r,t)}catch(t){try{y(n)}finally{throw t}}return y(n),t},complete:function complete(t){var n=this._s;if(!g(n)){var r=n._o;n._o=void 0;try{var e=d(r.complete);t=e?e.call(r,t):void 0}catch(t){try{y(n)}finally{throw t}}return y(n),t}}});var w=function Observable(t){s(this,w,\"Observable\",\"_f\")._f=f(t)};l(w.prototype,{subscribe:function subscribe(t){return new x(t,this._f)},forEach:function forEach(t){var n=this;return new(o.Promise||i.Promise)(function(r,e){f(t);var i=n.subscribe({next:function(n){try{return t(n)}catch(t){e(t),i.unsubscribe()}},error:e,complete:r})})}}),l(w,{from:function from(t){var n=\"function\"==typeof this?this:w,r=d(a(t)[c]);if(r){var e=a(r.call(t));return e.constructor===n?e:new n(function(t){return e.subscribe(t)})}return new n(function(n){var r=!1;return u(function(){if(!r){try{if(v(t,!1,function(t){if(n.next(t),r)return p})===p)return}catch(t){if(r)throw t;return void n.error(t)}n.complete()}}),function(){r=!0}})},of:function of(){for(var t=0,n=arguments.length,r=Array(n);t<n;)r[t]=arguments[t++];return new(\"function\"==typeof this?this:w)(function(t){var n=!1;return u(function(){if(!n){for(var e=0;e<r.length;++e)if(t.next(r[e]),n)return;t.complete()}}),function(){n=!0}})}}),h(w.prototype,c,function(){return this}),e(e.G,{Observable:w}),t(91)(\"Observable\")},{117:117,23:23,3:3,32:32,37:37,38:38,40:40,6:6,64:64,7:7,86:86,91:91}],273:[function(t,n,r){var e=t(63),i=t(7),o=e.key,u=e.set;e.exp({defineMetadata:function defineMetadata(t,n,r,e){u(t,n,i(r),o(e))}})},{63:63,7:7}],274:[function(t,n,r){var e=t(63),i=t(7),o=e.key,u=e.map,c=e.store;e.exp({deleteMetadata:function deleteMetadata(t,n){var r=arguments.length<3?void 0:o(arguments[2]),e=u(i(n),r,!1);if(void 0===e||!e.delete(t))return!1;if(e.size)return!0;var f=c.get(n);return f.delete(r),!!f.size||c.delete(n)}})},{63:63,7:7}],275:[function(t,n,r){var e=t(220),i=t(10),o=t(63),u=t(7),c=t(74),f=o.keys,a=o.key,s=function(t,n){var r=f(t,n),o=c(t);if(null===o)return r;var u=s(o,n);return u.length?r.length?i(new e(r.concat(u))):u:r};o.exp({getMetadataKeys:function getMetadataKeys(t){return s(u(t),arguments.length<2?void 0:a(arguments[1]))}})},{10:10,220:220,63:63,7:7,74:74}],276:[function(t,n,r){var e=t(63),i=t(7),o=t(74),u=e.has,c=e.get,f=e.key,a=function(t,n,r){var e=u(t,n,r);if(e)return c(t,n,r);var i=o(n);return null!==i?a(t,i,r):void 0};e.exp({getMetadata:function getMetadata(t,n){return a(t,i(n),arguments.length<3?void 0:f(arguments[2]))}})},{63:63,7:7,74:74}],277:[function(t,n,r){var e=t(63),i=t(7),o=e.keys,u=e.key;e.exp({getOwnMetadataKeys:function getOwnMetadataKeys(t){return o(i(t),arguments.length<2?void 0:u(arguments[1]))}})},{63:63,7:7}],278:[function(t,n,r){var e=t(63),i=t(7),o=e.get,u=e.key;e.exp({getOwnMetadata:function getOwnMetadata(t,n){return o(t,i(n),arguments.length<3?void 0:u(arguments[2]))}})},{63:63,7:7}],279:[function(t,n,r){var e=t(63),i=t(7),o=t(74),u=e.has,c=e.key,f=function(t,n,r){var e=u(t,n,r);if(e)return!0;var i=o(n);return null!==i&&f(t,i,r)};e.exp({hasMetadata:function hasMetadata(t,n){return f(t,i(n),arguments.length<3?void 0:c(arguments[2]))}})},{63:63,7:7,74:74}],280:[function(t,n,r){var e=t(63),i=t(7),o=e.has,u=e.key;e.exp({hasOwnMetadata:function hasOwnMetadata(t,n){return o(t,i(n),arguments.length<3?void 0:u(arguments[2]))}})},{63:63,7:7}],281:[function(t,n,r){var e=t(63),i=t(7),o=t(3),u=e.key,c=e.set;e.exp({metadata:function metadata(t,n){return function decorator(r,e){c(t,n,(void 0!==e?i:o)(r),u(e))}}})},{3:3,63:63,7:7}],282:[function(t,n,r){var e=t(32);e(e.P+e.R,\"Set\",{toJSON:t(20)(\"Set\")})},{20:20,32:32}],283:[function(t,n,r){\"use strict\";var e=t(32),i=t(97)(!0);e(e.P,\"String\",{at:function at(t){return i(this,t)}})},{32:32,97:97}],284:[function(t,n,r){\"use strict\";var e=t(32),i=t(27),o=t(108),u=t(50),c=t(36),f=RegExp.prototype,a=function(t,n){this._r=t,this._s=n};t(52)(a,\"RegExp String\",function next(){var t=this._r.exec(this._s);return{value:t,done:null===t}}),e(e.P,\"String\",{matchAll:function matchAll(t){if(i(this),!u(t))throw TypeError(t+\" is not a regexp!\");var n=String(this),r=\"flags\"in f?String(t.flags):c.call(t),e=new RegExp(t.source,~r.indexOf(\"g\")?r:\"g\"+r);return e.lastIndex=o(t.lastIndex),new a(e,n)}})},{108:108,27:27,32:32,36:36,50:50,52:52}],285:[function(t,n,r){\"use strict\";var e=t(32),i=t(100);e(e.P,\"String\",{padEnd:function padEnd(t){return i(this,t,arguments.length>1?arguments[1]:void 0,!1)}})},{100:100,32:32}],286:[function(t,n,r){\"use strict\";var e=t(32),i=t(100);e(e.P,\"String\",{padStart:function padStart(t){return i(this,t,arguments.length>1?arguments[1]:void 0,!0)}})},{100:100,32:32}],287:[function(t,n,r){\"use strict\";t(102)(\"trimLeft\",function(t){return function trimLeft(){return t(this,1)}},\"trimStart\")},{102:102}],288:[function(t,n,r){\"use strict\";t(102)(\"trimRight\",function(t){return function trimRight(){return t(this,2)}},\"trimEnd\")},{102:102}],289:[function(t,n,r){t(115)(\"asyncIterator\")},{115:115}],290:[function(t,n,r){t(115)(\"observable\")},{115:115}],291:[function(t,n,r){var e=t(32);e(e.S,\"System\",{global:t(38)})},{32:32,38:38}],292:[function(t,n,r){for(var e=t(130),i=t(87),o=t(38),u=t(40),c=t(56),f=t(117),a=f(\"iterator\"),s=f(\"toStringTag\"),l=c.Array,h=[\"NodeList\",\"DOMTokenList\",\"MediaList\",\"StyleSheetList\",\"CSSRuleList\"],v=0;v<5;v++){var p,d=h[v],y=o[d],g=y&&y.prototype;if(g){g[a]||u(g,a,l),g[s]||u(g,s,d),c[d]=l;for(p in e)g[p]||i(g,p,e[p],!0)}}},{117:117,130:130,38:38,40:40,56:56,87:87}],293:[function(t,n,r){var e=t(32),i=t(104);e(e.G+e.B,{setImmediate:i.set,clearImmediate:i.clear})},{104:104,32:32}],294:[function(t,n,r){var e=t(38),i=t(32),o=t(44),u=t(83),c=e.navigator,f=!!c&&/MSIE .\\./.test(c.userAgent),a=function(t){return f?function(n,r){return t(o(u,[].slice.call(arguments,2),\"function\"==typeof n?n:Function(n)),r)}:t};i(i.G+i.B+i.F*f,{setTimeout:a(e.setTimeout),setInterval:a(e.setInterval)})},{32:32,38:38,44:44,83:83}],295:[function(t,n,r){t(243),t(180),t(182),t(181),t(184),t(186),t(191),t(185),t(183),t(193),t(192),t(188),t(189),t(187),t(179),t(190),t(194),t(195),t(146),t(148),t(147),t(197),t(196),t(167),t(177),t(178),t(168),t(169),t(170),t(171),t(172),t(173),t(174),t(175),t(176),t(150),t(151),t(152),t(153),t(154),t(155),t(156),t(157),t(158),t(159),t(160),t(161),t(162),t(163),t(164),t(165),t(166),t(230),t(235),t(242),t(233),t(225),t(226),t(231),t(236),t(238),t(221),t(222),t(223),t(224),t(227),t(228),t(229),t(232),t(234),t(237),t(239),t(240),t(241),t(141),t(143),t(142),t(145),t(144),t(129),t(127),t(134),t(131),t(137),t(139),t(126),t(133),t(123),t(138),t(121),t(136),t(135),t(128),t(132),t(120),t(122),t(125),t(124),t(140),t(130),t(213),t(219),t(214),t(215),t(216),t(217),t(218),t(198),t(149),t(220),t(255),t(256),t(244),t(245),t(250),t(253),t(254),t(248),t(251),t(249),t(252),t(246),t(247),t(199),t(200),t(201),t(202),t(203),t(206),t(204),t(205),t(207),t(208),t(209),t(210),t(212),t(211),t(257),t(283),t(286),t(285),t(287),t(288),t(284),t(289),t(290),t(268),t(271),t(267),t(265),t(266),t(269),t(270),t(260),t(282),t(291),t(259),t(261),t(263),t(262),t(264),t(273),t(274),t(276),t(275),t(278),t(277),t(279),t(280),t(281),t(258),t(272),t(294),t(293),t(292),n.exports=t(23)},{120:120,121:121,122:122,123:123,124:124,125:125,126:126,127:127,128:128,129:129,130:130,131:131,132:132,133:133,134:134,135:135,136:136,137:137,138:138,139:139,140:140,141:141,142:142,143:143,144:144,145:145,146:146,147:147,148:148,149:149,150:150,151:151,152:152,153:153,154:154,155:155,156:156,157:157,158:158,159:159,160:160,161:161,162:162,163:163,164:164,165:165,166:166,167:167,168:168,169:169,170:170,171:171,172:172,173:173,174:174,175:175,176:176,177:177,178:178,179:179,180:180,181:181,182:182,183:183,184:184,185:185,186:186,187:187,188:188,189:189,190:190,191:191,192:192,193:193,194:194,195:195,196:196,197:197,198:198,199:199,200:200,201:201,202:202,203:203,204:204,205:205,206:206,207:207,208:208,209:209,210:210,211:211,212:212,213:213,214:214,215:215,216:216,217:217,218:218,219:219,220:220,221:221,222:222,223:223,224:224,225:225,226:226,227:227,228:228,229:229,23:23,230:230,231:231,232:232,233:233,234:234,235:235,236:236,237:237,238:238,239:239,240:240,241:241,242:242,243:243,244:244,245:245,246:246,247:247,248:248,249:249,250:250,251:251,252:252,253:253,254:254,255:255,256:256,257:257,258:258,259:259,260:260,261:261,262:262,263:263,264:264,265:265,266:266,267:267,268:268,269:269,270:270,271:271,272:272,273:273,274:274,275:275,276:276,277:277,278:278,279:279,280:280,281:281,282:282,283:283,284:284,285:285,286:286,287:287,288:288,289:289,290:290,291:291,292:292,293:293,294:294}],296:[function(t,n,r){(function(t){!function(t){\"use strict\";function wrap(t,n,r,e){var i=n&&n.prototype instanceof Generator?n:Generator,o=Object.create(i.prototype),u=new Context(e||[]);return o._invoke=makeInvokeMethod(t,r,u),o}function tryCatch(t,n,r){try{return{type:\"normal\",arg:t.call(n,r)}}catch(t){return{type:\"throw\",arg:t}}}function Generator(){}function GeneratorFunction(){}function GeneratorFunctionPrototype(){}function defineIteratorMethods(t){[\"next\",\"throw\",\"return\"].forEach(function(n){t[n]=function(t){return this._invoke(n,t)}})}function AsyncIterator(t){function invoke(n,r,e,o){var u=tryCatch(t[n],t,r);if(\"throw\"!==u.type){var c=u.arg,f=c.value;return f&&\"object\"==typeof f&&i.call(f,\"__await\")?Promise.resolve(f.__await).then(function(t){invoke(\"next\",t,e,o)},function(t){invoke(\"throw\",t,e,o)}):Promise.resolve(f).then(function(t){c.value=t,e(c)},o)}o(u.arg)}function enqueue(t,r){function callInvokeWithMethodAndArg(){return new Promise(function(n,e){invoke(t,r,n,e)})}return n=n?n.then(callInvokeWithMethodAndArg,callInvokeWithMethodAndArg):callInvokeWithMethodAndArg()}\"object\"==typeof process&&process.domain&&(invoke=process.domain.bind(invoke));var n;this._invoke=enqueue}function makeInvokeMethod(t,n,e){var i=s;return function invoke(o,u){if(i===h)throw new Error(\"Generator is already running\");if(i===v){if(\"throw\"===o)throw u;return doneResult()}for(;;){var c=e.delegate;if(c){if(\"return\"===o||\"throw\"===o&&c.iterator[o]===r){e.delegate=null;var f=c.iterator.return;if(f){var a=tryCatch(f,c.iterator,u);if(\"throw\"===a.type){o=\"throw\",u=a.arg;continue}}if(\"return\"===o)continue}var a=tryCatch(c.iterator[o],c.iterator,u);if(\"throw\"===a.type){e.delegate=null,o=\"throw\",u=a.arg;continue}o=\"next\",u=r;var d=a.arg;if(!d.done)return i=l,d;e[c.resultName]=d.value,e.next=c.nextLoc,e.delegate=null}if(\"next\"===o)e.sent=e._sent=u;else if(\"throw\"===o){if(i===s)throw i=v,u;e.dispatchException(u)&&(o=\"next\",u=r)}else\"return\"===o&&e.abrupt(\"return\",u);i=h;var a=tryCatch(t,n,e);if(\"normal\"===a.type){i=e.done?v:l;var d={value:a.arg,done:e.done};if(a.arg!==p)return d;e.delegate&&\"next\"===o&&(u=r)}else\"throw\"===a.type&&(i=v,o=\"throw\",u=a.arg)}}}function pushTryEntry(t){var n={tryLoc:t[0]};1 in t&&(n.catchLoc=t[1]),2 in t&&(n.finallyLoc=t[2],n.afterLoc=t[3]),this.tryEntries.push(n)}function resetTryEntry(t){var n=t.completion||{};n.type=\"normal\",delete n.arg,t.completion=n}function Context(t){this.tryEntries=[{tryLoc:\"root\"}],t.forEach(pushTryEntry,this),this.reset(!0)}function values(t){if(t){var n=t[u];if(n)return n.call(t);if(\"function\"==typeof t.next)return t;if(!isNaN(t.length)){var e=-1,o=function next(){for(;++e<t.length;)if(i.call(t,e))return next.value=t[e],next.done=!1,next;return next.value=r,next.done=!0,next};return o.next=o}}return{next:doneResult}}function doneResult(){return{value:r,done:!0}}var r,e=Object.prototype,i=e.hasOwnProperty,o=\"function\"==typeof Symbol?Symbol:{},u=o.iterator||\"@@iterator\",c=o.toStringTag||\"@@toStringTag\",f=\"object\"==typeof n,a=t.regeneratorRuntime;if(a)return void(f&&(n.exports=a));a=t.regeneratorRuntime=f?n.exports:{},a.wrap=wrap;var s=\"suspendedStart\",l=\"suspendedYield\",h=\"executing\",v=\"completed\",p={},d={};d[u]=function(){return this};var y=Object.getPrototypeOf,g=y&&y(y(values([])));g&&g!==e&&i.call(g,u)&&(d=g);var b=GeneratorFunctionPrototype.prototype=Generator.prototype=Object.create(d);GeneratorFunction.prototype=b.constructor=GeneratorFunctionPrototype,GeneratorFunctionPrototype.constructor=GeneratorFunction,GeneratorFunctionPrototype[c]=GeneratorFunction.displayName=\"GeneratorFunction\",a.isGeneratorFunction=function(t){var n=\"function\"==typeof t&&t.constructor;return!!n&&(n===GeneratorFunction||\"GeneratorFunction\"===(n.displayName||n.name))},a.mark=function(t){return Object.setPrototypeOf?Object.setPrototypeOf(t,GeneratorFunctionPrototype):(t.__proto__=GeneratorFunctionPrototype,c in t||(t[c]=\"GeneratorFunction\")),t.prototype=Object.create(b),t},a.awrap=function(t){return{__await:t}},defineIteratorMethods(AsyncIterator.prototype),a.AsyncIterator=AsyncIterator,a.async=function(t,n,r,e){var i=new AsyncIterator(wrap(t,n,r,e));return a.isGeneratorFunction(n)?i:i.next().then(function(t){return t.done?t.value:i.next()})},defineIteratorMethods(b),b[c]=\"Generator\",b.toString=function(){return\"[object Generator]\"},a.keys=function(t){var n=[];for(var r in t)n.push(r);return n.reverse(),function next(){for(;n.length;){var r=n.pop();if(r in t)return next.value=r,next.done=!1,next}return next.done=!0,next}},a.values=values,Context.prototype={constructor:Context,reset:function(t){if(this.prev=0,this.next=0,this.sent=this._sent=r,this.done=!1,this.delegate=null,this.tryEntries.forEach(resetTryEntry),!t)for(var n in this)\"t\"===n.charAt(0)&&i.call(this,n)&&!isNaN(+n.slice(1))&&(this[n]=r)},stop:function(){this.done=!0;var t=this.tryEntries[0],n=t.completion;if(\"throw\"===n.type)throw n.arg;return this.rval},dispatchException:function(t){function handle(r,e){return o.type=\"throw\",o.arg=t,n.next=r,!!e}if(this.done)throw t;for(var n=this,r=this.tryEntries.length-1;r>=0;--r){var e=this.tryEntries[r],o=e.completion;","if(\"root\"===e.tryLoc)return handle(\"end\");if(e.tryLoc<=this.prev){var u=i.call(e,\"catchLoc\"),c=i.call(e,\"finallyLoc\");if(u&&c){if(this.prev<e.catchLoc)return handle(e.catchLoc,!0);if(this.prev<e.finallyLoc)return handle(e.finallyLoc)}else if(u){if(this.prev<e.catchLoc)return handle(e.catchLoc,!0)}else{if(!c)throw new Error(\"try statement without catch or finally\");if(this.prev<e.finallyLoc)return handle(e.finallyLoc)}}}},abrupt:function(t,n){for(var r=this.tryEntries.length-1;r>=0;--r){var e=this.tryEntries[r];if(e.tryLoc<=this.prev&&i.call(e,\"finallyLoc\")&&this.prev<e.finallyLoc){var o=e;break}}o&&(\"break\"===t||\"continue\"===t)&&o.tryLoc<=n&&n<=o.finallyLoc&&(o=null);var u=o?o.completion:{};return u.type=t,u.arg=n,o?this.next=o.finallyLoc:this.complete(u),p},complete:function(t,n){if(\"throw\"===t.type)throw t.arg;\"break\"===t.type||\"continue\"===t.type?this.next=t.arg:\"return\"===t.type?(this.rval=t.arg,this.next=\"end\"):\"normal\"===t.type&&n&&(this.next=n)},finish:function(t){for(var n=this.tryEntries.length-1;n>=0;--n){var r=this.tryEntries[n];if(r.finallyLoc===t)return this.complete(r.completion,r.afterLoc),resetTryEntry(r),p}},catch:function(t){for(var n=this.tryEntries.length-1;n>=0;--n){var r=this.tryEntries[n];if(r.tryLoc===t){var e=r.completion;if(\"throw\"===e.type){var i=e.arg;resetTryEntry(r)}return i}}throw new Error(\"illegal catch attempt\")},delegateYield:function(t,n,r){return this.delegate={iterator:values(t),resultName:n,nextLoc:r},p}}}(\"object\"==typeof t?t:\"object\"==typeof window?window:\"object\"==typeof self?self:this)}).call(this,\"undefined\"!=typeof global?global:\"undefined\"!=typeof self?self:\"undefined\"!=typeof window?window:{})},{}]},{},[1]);",""],"l":{"1":2006,"2":80,"3":28,"4":0}},"/home/travis/build/npmtest/node-npmtest-babel-polyfill/node_modules/babel-polyfill/scripts/postpublish.js":{"path":"/home/travis/build/npmtest/node-npmtest-babel-polyfill/node_modules/babel-polyfill/scripts/postpublish.js","s":{"1":1,"2":1,"3":1,"4":1},"b":{},"f":{},"fnMap":{},"statementMap":{"1":{"start":{"line":1,"column":0},"end":{"line":1,"column":23}},"2":{"start":{"line":2,"column":0},"end":{"line":2,"column":27}},"3":{"start":{"line":4,"column":0},"end":{"line":6,"column":16}},"4":{"start":{"line":5,"column":2},"end":{"line":5,"column":55}}},"branchMap":{},"code":["var fs = require(\"fs\");","var path = require(\"path\");","","try {","  fs.unlinkSync(path.join(__dirname, \"../browser.js\"));","} catch (err) {}","",""],"l":{"1":1,"2":1,"4":1,"5":1}},"/home/travis/build/npmtest/node-npmtest-babel-polyfill/node_modules/babel-polyfill/scripts/prepublish.js":{"path":"/home/travis/build/npmtest/node-npmtest-babel-polyfill/node_modules/babel-polyfill/scripts/prepublish.js","s":{"1":1,"2":1,"3":1,"4":2,"5":1},"b":{},"f":{"1":2},"fnMap":{"1":{"name":"relative","line":4,"loc":{"start":{"line":4,"column":0},"end":{"line":4,"column":23}}}},"statementMap":{"1":{"start":{"line":1,"column":0},"end":{"line":1,"column":23}},"2":{"start":{"line":2,"column":0},"end":{"line":2,"column":27}},"3":{"start":{"line":4,"column":0},"end":{"line":6,"column":1}},"4":{"start":{"line":5,"column":2},"end":{"line":5,"column":41}},"5":{"start":{"line":8,"column":0},"end":{"line":8,"column":92}}},"branchMap":{},"code":["var fs = require(\"fs\");","var path = require(\"path\");","","function relative(loc) {","  return path.join(__dirname, \"..\", loc);","}","","fs.writeFileSync(relative(\"browser.js\"), fs.readFileSync(relative(\"dist/polyfill.min.js\")));",""],"l":{"1":1,"2":1,"4":1,"5":2,"8":1}}}